INFO: [HLS 200-10] Running '/opt/Xilinx/Vivado/2018.2/bin/unwrapped/lnx64.o/vivado_hls'
INFO: [HLS 200-10] For user 'pedro' on host 'pedro-crucial-250' (Linux_x86_64 version 4.4.0-131-generic) on Wed Aug 08 19:08:14 MDT 2018
INFO: [HLS 200-10] On os Ubuntu 16.04.5 LTS
INFO: [HLS 200-10] In directory '/home/pedro/github/zcu104_ubuntu/hls/cholesky_inverse'
INFO: [HLS 200-10] Opening project '/home/pedro/github/zcu104_ubuntu/hls/cholesky_inverse/csynth'.
INFO: [HLS 200-10] Opening solution '/home/pedro/github/zcu104_ubuntu/hls/cholesky_inverse/csynth/solution1'.
INFO: [SYN 201-201] Setting up clock 'default' with a period of 35ns.
INFO: [HLS 200-10] Setting target device to 'xczu7ev-ffvc1156-2-e'
INFO: [IMPL 213-8] Exporting RTL as a Vivado IP.

****** Vivado v2018.2 (64-bit)
  **** SW Build 2258646 on Thu Jun 14 20:02:38 MDT 2018
  **** IP Build 2256618 on Thu Jun 14 22:10:49 MDT 2018
    ** Copyright 1986-2018 Xilinx, Inc. All Rights Reserved.

source run_ippack.tcl -notrace
INFO: [IP_Flow 19-234] Refreshing IP repositories
INFO: [IP_Flow 19-1704] No user IP repositories specified
INFO: [IP_Flow 19-2313] Loaded Vivado IP repository '/opt/Xilinx/Vivado/2018.2/data/ip'.
WARNING: [IP_Flow 19-4832] The IP name 'cholesky_inverse_top_ap_fadd_0_full_dsp_32' you have specified is long. The Windows operating system has path length limitations. It is recommended you use shorter names to reduce the likelihood of issues.
INFO: [IP_Flow 19-1686] Generating 'Synthesis' target for IP 'cholesky_inverse_top_ap_fadd_0_full_dsp_32'...
INFO: [IP_Flow 19-1686] Generating 'Simulation' target for IP 'cholesky_inverse_top_ap_fadd_0_full_dsp_32'...
WARNING: [IP_Flow 19-4832] The IP name 'cholesky_inverse_top_ap_faddfsub_0_full_dsp_32' you have specified is long. The Windows operating system has path length limitations. It is recommended you use shorter names to reduce the likelihood of issues.
INFO: [IP_Flow 19-1686] Generating 'Synthesis' target for IP 'cholesky_inverse_top_ap_faddfsub_0_full_dsp_32'...
INFO: [IP_Flow 19-1686] Generating 'Simulation' target for IP 'cholesky_inverse_top_ap_faddfsub_0_full_dsp_32'...
WARNING: [IP_Flow 19-4832] The IP name 'cholesky_inverse_top_ap_fcmp_0_no_dsp_32' you have specified is long. The Windows operating system has path length limitations. It is recommended you use shorter names to reduce the likelihood of issues.
INFO: [IP_Flow 19-1686] Generating 'Synthesis' target for IP 'cholesky_inverse_top_ap_fcmp_0_no_dsp_32'...
INFO: [IP_Flow 19-1686] Generating 'Simulation' target for IP 'cholesky_inverse_top_ap_fcmp_0_no_dsp_32'...
WARNING: [IP_Flow 19-4832] The IP name 'cholesky_inverse_top_ap_fdiv_3_no_dsp_32' you have specified is long. The Windows operating system has path length limitations. It is recommended you use shorter names to reduce the likelihood of issues.
INFO: [IP_Flow 19-1686] Generating 'Synthesis' target for IP 'cholesky_inverse_top_ap_fdiv_3_no_dsp_32'...
INFO: [IP_Flow 19-1686] Generating 'Simulation' target for IP 'cholesky_inverse_top_ap_fdiv_3_no_dsp_32'...
WARNING: [IP_Flow 19-4832] The IP name 'cholesky_inverse_top_ap_fmul_0_max_dsp_32' you have specified is long. The Windows operating system has path length limitations. It is recommended you use shorter names to reduce the likelihood of issues.
INFO: [IP_Flow 19-1686] Generating 'Synthesis' target for IP 'cholesky_inverse_top_ap_fmul_0_max_dsp_32'...
INFO: [IP_Flow 19-1686] Generating 'Simulation' target for IP 'cholesky_inverse_top_ap_fmul_0_max_dsp_32'...
WARNING: [IP_Flow 19-4832] The IP name 'cholesky_inverse_top_ap_frsqrt_2_full_dsp_32' you have specified is long. The Windows operating system has path length limitations. It is recommended you use shorter names to reduce the likelihood of issues.
INFO: [IP_Flow 19-1686] Generating 'Synthesis' target for IP 'cholesky_inverse_top_ap_frsqrt_2_full_dsp_32'...
INFO: [IP_Flow 19-1686] Generating 'Simulation' target for IP 'cholesky_inverse_top_ap_frsqrt_2_full_dsp_32'...
WARNING: [IP_Flow 19-4832] The IP name 'cholesky_inverse_top_ap_fsqrt_1_no_dsp_32' you have specified is long. The Windows operating system has path length limitations. It is recommended you use shorter names to reduce the likelihood of issues.
INFO: [IP_Flow 19-1686] Generating 'Synthesis' target for IP 'cholesky_inverse_top_ap_fsqrt_1_no_dsp_32'...
INFO: [IP_Flow 19-1686] Generating 'Simulation' target for IP 'cholesky_inverse_top_ap_fsqrt_1_no_dsp_32'...
INFO: [IP_Flow 19-234] Refreshing IP repositories
INFO: [IP_Flow 19-1704] No user IP repositories specified
INFO: [IP_Flow 19-2313] Loaded Vivado IP repository '/opt/Xilinx/Vivado/2018.2/data/ip'.
INFO: [Common 17-206] Exiting Vivado at Wed Aug  8 19:08:27 2018...
