INFO: [SIM 2] *************** CSIM start ***************
INFO: [SIM 4] CSIM will launch GCC as the compiler.
   Compiling ../../../../cholesky_inverse_tb.cpp in debug mode
   Compiling ../../../../cholesky_inverse.cpp in debug mode
   Generating csim.exe
A = 
   |(127.0000000000)     (19.0000000000)     (25.0000000000)      (0.0000000000) |
   | (19.0000000000)    (124.0000000000)      (5.0000000000)      (0.0000000000) |
   | (25.0000000000)      (5.0000000000)    (104.0000000000)      (0.0000000000) |
   | (-5.1602172852)      (0.0000000000)      (0.0000000000)      (0.0000000000) |
InverseA = 
   | (inf)    (-inf)    (-inf)    (-inf) |
   |(-inf)     (inf)     (inf)     (inf) |
   |(-inf)     (inf)     (inf)     (inf) |
   |(-inf)     (inf)     (inf)     (inf) |
I reconstructed = 
   |(-nan)    (-nan)    (-nan)    (-nan) |
   |(-nan)    (-nan)    (-nan)    (-nan) |
   |(-nan)    (-nan)    (-nan)    (-nan) |
   |(-nan)    (-nan)    (-nan)    (-nan) |
INFO: [SIM 1] CSim done with 0 errors.
INFO: [SIM 3] *************** CSIM finish ***************
