

================================================================
== Vivado HLS Report for 'back_substitute_alt'
================================================================
* Date:           Wed Aug  8 19:07:40 2018

* Version:        2018.2 (Build 2258646 on Thu Jun 14 20:25:20 MDT 2018)
* Project:        csynth
* Solution:       solution1
* Product family: zynquplus
* Target device:  xczu7ev-ffvc1156-2-e


================================================================
== Performance Estimates
================================================================
+ Timing (ns): 
    * Summary: 
    +--------+-------+----------+------------+
    |  Clock | Target| Estimated| Uncertainty|
    +--------+-------+----------+------------+
    |ap_clk  |  35.00|    27.694|        4.38|
    +--------+-------+----------+------------+

+ Latency (clock cycles): 
    * Summary: 
    +-----+-----+-----+-----+---------+
    |  Latency  |  Interval | Pipeline|
    | min | max | min | max |   Type  |
    +-----+-----+-----+-----+---------+
    |   51|  131|   51|  131|   none  |
    +-----+-----+-----+-----+---------+

    + Detail: 
        * Instance: 
        N/A

        * Loop: 
        +--------------------+-----+-----+----------+-----------+-----------+------+----------+
        |                    |  Latency  | Iteration|  Initiation Interval  | Trip |          |
        |      Loop Name     | min | max |  Latency |  achieved |   target  | Count| Pipelined|
        +--------------------+-----+-----+----------+-----------+-----------+------+----------+
        |- diag_loop         |    8|    8|         6|          1|          1|     4|    yes   |
        |- a_col_b_row_loop  |   40|  120|  10 ~ 30 |          -|          -|     4|    no    |
        | + a_row_loop       |    8|   28|   2 ~ 7  |          -|          -|     4|    no    |
        |  ++ b_col_loop     |    4|    4|         2|          1|          1|     4|    yes   |
        +--------------------+-----+-----+----------+-----------+-----------+------+----------+



================================================================
== Utilization Estimates
================================================================
* Summary: 
+-----------------+---------+-------+--------+--------+-----+
|       Name      | BRAM_18K| DSP48E|   FF   |   LUT  | URAM|
+-----------------+---------+-------+--------+--------+-----+
|DSP              |        -|      -|       -|       -|    -|
|Expression       |        -|      -|       0|     628|    -|
|FIFO             |        -|      -|       -|       -|    -|
|Instance         |        -|      5|     523|    1142|    -|
|Memory           |        0|      -|      64|       8|    -|
|Multiplexer      |        -|      -|       -|     170|    -|
|Register         |        0|      -|     418|      32|    -|
+-----------------+---------+-------+--------+--------+-----+
|Total            |        0|      5|    1005|    1980|    0|
+-----------------+---------+-------+--------+--------+-----+
|Available        |      624|   1728|  460800|  230400|   96|
+-----------------+---------+-------+--------+--------+-----+
|Utilization (%)  |        0|   ~0  |   ~0   |   ~0   |    0|
+-----------------+---------+-------+--------+--------+-----+

+ Detail: 
    * Instance: 
    +--------------------------+----------------------+---------+-------+-----+-----+
    |         Instance         |        Module        | BRAM_18K| DSP48E|  FF | LUT |
    +--------------------------+----------------------+---------+-------+-----+-----+
    |cholesky_inverse_dEe_U16  |cholesky_inverse_dEe  |        0|      3|  128|  135|
    |cholesky_inverse_ibs_U15  |cholesky_inverse_ibs  |        0|      2|  177|  194|
    |cholesky_inverse_jbC_U17  |cholesky_inverse_jbC  |        0|      0|  218|  779|
    |cholesky_inverse_kbM_U18  |cholesky_inverse_kbM  |        0|      0|    0|   17|
    |cholesky_inverse_kbM_U19  |cholesky_inverse_kbM  |        0|      0|    0|   17|
    +--------------------------+----------------------+---------+-------+-----+-----+
    |Total                     |                      |        0|      5|  523| 1142|
    +--------------------------+----------------------+---------+-------+-----+-----+

    * DSP48: 
    N/A

    * Memory: 
    +-----------+----------------------+---------+----+----+------+-----+------+-------------+
    |   Memory  |        Module        | BRAM_18K| FF | LUT| Words| Bits| Banks| W*Bits*Banks|
    +-----------+----------------------+---------+----+----+------+-----+------+-------------+
    |row_sum_U  |back_substitute_ahbi  |        0|  64|   8|    16|   32|     1|          512|
    +-----------+----------------------+---------+----+----+------+-----+------+-------------+
    |Total      |                      |        0|  64|   8|    16|   32|     1|          512|
    +-----------+----------------------+---------+----+----+------+-----+------+-------------+

    * FIFO: 
    N/A

    * Expression: 
    +----------------------------------+----------+-------+---+----+------------+------------+
    |           Variable Name          | Operation| DSP48E| FF| LUT| Bitwidth P0| Bitwidth P1|
    +----------------------------------+----------+-------+---+----+------------+------------+
    |i_1_fu_235_p2                     |     +    |      0|  0|  11|           3|           1|
    |i_2_fu_298_p2                     |     +    |      0|  0|  11|           3|           1|
    |j_1_fu_356_p2                     |     +    |      0|  0|  11|           3|           1|
    |k_2_fu_394_p2                     |     +    |      0|  0|  11|           3|           1|
    |tmp_37_fu_257_p2                  |     +    |      0|  0|  15|           6|           6|
    |tmp_39_fu_378_p2                  |     +    |      0|  0|  15|           6|           6|
    |tmp_41_fu_475_p2                  |     +    |      0|  0|  15|           6|           6|
    |tmp_43_fu_444_p2                  |     +    |      0|  0|  15|           6|           6|
    |tmp_44_fu_449_p2                  |     +    |      0|  0|  15|           6|           6|
    |tmp_46_fu_418_p2                  |     +    |      0|  0|  15|           6|           6|
    |ap_condition_304                  |    and   |      0|  0|   2|           1|           1|
    |ap_condition_632                  |    and   |      0|  0|   2|           1|           1|
    |exitcond1_fu_350_p2               |   icmp   |      0|  0|   9|           3|           4|
    |exitcond2_fu_292_p2               |   icmp   |      0|  0|   9|           3|           4|
    |exitcond3_fu_229_p2               |   icmp   |      0|  0|   9|           3|           4|
    |exitcond_fu_388_p2                |   icmp   |      0|  0|   9|           3|           4|
    |grp_fu_223_p2                     |   icmp   |      0|  0|   9|           3|           3|
    |sel_tmp1_fu_558_p2                |   icmp   |      0|  0|   8|           2|           1|
    |sel_tmp3_fu_571_p2                |   icmp   |      0|  0|   8|           2|           1|
    |sel_tmp_fu_545_p2                 |   icmp   |      0|  0|   9|           2|           3|
    |tmp_22_fu_362_p2                  |   icmp   |      0|  0|   9|           3|           3|
    |tmp_23_fu_368_p2                  |   icmp   |      0|  0|   9|           3|           3|
    |tmp_25_fu_400_p2                  |   icmp   |      0|  0|   9|           3|           3|
    |column_multiplier_0_14_fu_600_p3  |  select  |      0|  0|  32|           1|          32|
    |column_multiplier_0_15_fu_608_p3  |  select  |      0|  0|  32|           1|          32|
    |column_multiplier_0_16_fu_616_p3  |  select  |      0|  0|  32|           1|          32|
    |column_multiplier_0_3_fu_624_p3   |  select  |      0|  0|  32|           1|          32|
    |column_multiplier_0_4_fu_563_p3   |  select  |      0|  0|  32|           1|          32|
    |column_multiplier_0_7_fu_576_p3   |  select  |      0|  0|  32|           1|          32|
    |column_multiplier_0_8_fu_584_p3   |  select  |      0|  0|  32|           1|          32|
    |column_multiplier_0_9_fu_592_p3   |  select  |      0|  0|  32|           1|          32|
    |column_multiplier_0_fu_550_p3     |  select  |      0|  0|  32|           1|          32|
    |row_sum_d1                        |  select  |      0|  0|  32|           1|          32|
    |select_column_multip_1_fu_538_p3  |  select  |      0|  0|  32|           1|          32|
    |ap_enable_pp0                     |    xor   |      0|  0|   2|           1|           2|
    |ap_enable_pp1                     |    xor   |      0|  0|   2|           1|           2|
    |ap_enable_reg_pp0_iter1           |    xor   |      0|  0|   2|           2|           1|
    |ap_enable_reg_pp1_iter1           |    xor   |      0|  0|   2|           2|           1|
    |tmp_32_neg_fu_527_p2              |    xor   |      0|  0|  33|          32|          33|
    +----------------------------------+----------+-------+---+----+------------+------------+
    |Total                             |          |      0|  0| 628|         129|         466|
    +----------------------------------+----------+-------+---+----+------------+------------+

    * Multiplexer: 
    +-------------------------+----+-----------+-----+-----------+
    |           Name          | LUT| Input Size| Bits| Total Bits|
    +-------------------------+----+-----------+-----+-----------+
    |A_address0               |  15|          3|    4|         12|
    |ap_NS_fsm                |  41|          8|    1|          8|
    |ap_enable_reg_pp0_iter1  |   9|          2|    1|          2|
    |ap_enable_reg_pp0_iter5  |   9|          2|    1|          2|
    |ap_enable_reg_pp1_iter1  |  15|          3|    1|          3|
    |grp_fu_211_p0            |  15|          3|   32|         96|
    |grp_fu_211_p1            |  15|          3|   32|         96|
    |i1_reg_172               |   9|          2|    3|          6|
    |i_reg_161                |   9|          2|    3|          6|
    |j_reg_184                |   9|          2|    3|          6|
    |k_reg_195                |   9|          2|    3|          6|
    |row_sum_address0         |  15|          3|    4|         12|
    +-------------------------+----+-----------+-----+-----------+
    |Total                    | 170|         35|   88|        255|
    +-------------------------+----+-----------+-----+-----------+

    * Register: 
    +------------------------------+----+----+-----+-----------+
    |             Name             | FF | LUT| Bits| Const Bits|
    +------------------------------+----+----+-----+-----------+
    |A_addr_2_reg_771              |   4|   0|    4|          0|
    |ap_CS_fsm                     |   7|   0|    7|          0|
    |ap_enable_reg_pp0_iter0       |   1|   0|    1|          0|
    |ap_enable_reg_pp0_iter1       |   1|   0|    1|          0|
    |ap_enable_reg_pp0_iter2       |   1|   0|    1|          0|
    |ap_enable_reg_pp0_iter3       |   1|   0|    1|          0|
    |ap_enable_reg_pp0_iter4       |   1|   0|    1|          0|
    |ap_enable_reg_pp0_iter5       |   1|   0|    1|          0|
    |ap_enable_reg_pp1_iter0       |   1|   0|    1|          0|
    |ap_enable_reg_pp1_iter1       |   1|   0|    1|          0|
    |column_multiplier_0_1_fu_76   |  32|   0|   32|          0|
    |column_multiplier_0_2_fu_80   |  32|   0|   32|          0|
    |column_multiplier_0_5_fu_84   |  32|   0|   32|          0|
    |column_multiplier_0_6_fu_88   |  32|   0|   32|          0|
    |diag_3_1_fu_60                |  32|   0|   32|          0|
    |diag_3_2_fu_64                |  32|   0|   32|          0|
    |diag_3_3_fu_68                |  32|   0|   32|          0|
    |diag_3_fu_56                  |  32|   0|   32|          0|
    |i1_reg_172                    |   3|   0|    3|          0|
    |i_2_reg_726                   |   3|   0|    3|          0|
    |i_reg_161                     |   3|   0|    3|          0|
    |j_1_reg_752                   |   3|   0|    3|          0|
    |j_reg_184                     |   3|   0|    3|          0|
    |k_reg_195                     |   3|   0|    3|          0|
    |row_sum_addr_1_reg_789        |   4|   0|    4|          0|
    |select_column_multip_reg_742  |  32|   0|   32|          0|
    |tmp_20_cast_reg_731           |   3|   0|    6|          3|
    |tmp_23_reg_761                |   1|   0|    1|          0|
    |tmp_24_cast_reg_765           |   3|   0|    6|          3|
    |tmp_25_reg_785                |   1|   0|    1|          0|
    |tmp_27_reg_805                |   1|   0|    1|          0|
    |tmp_29_reg_800                |   1|   0|    1|          0|
    |tmp_30_reg_820                |   2|   0|    2|          0|
    |tmp_34_reg_795                |   2|   0|    2|          0|
    |tmp_43_cast_reg_737           |   3|   0|    6|          3|
    |tmp_43_reg_810                |   6|   0|    6|          0|
    |tmp_reg_690                   |   2|   0|    2|          0|
    |tmp_reg_690                   |  64|  32|    2|          0|
    +------------------------------+----+----+-----+-----------+
    |Total                         | 418|  32|  365|          9|
    +------------------------------+----+----+-----+-----------+



================================================================
== Interface
================================================================
* Summary: 
+------------+-----+-----+------------+---------------------+--------------+
|  RTL Ports | Dir | Bits|  Protocol  |    Source Object    |    C Type    |
+------------+-----+-----+------------+---------------------+--------------+
|ap_clk      |  in |    1| ap_ctrl_hs | back_substitute_alt | return value |
|ap_rst      |  in |    1| ap_ctrl_hs | back_substitute_alt | return value |
|ap_start    |  in |    1| ap_ctrl_hs | back_substitute_alt | return value |
|ap_done     | out |    1| ap_ctrl_hs | back_substitute_alt | return value |
|ap_idle     | out |    1| ap_ctrl_hs | back_substitute_alt | return value |
|ap_ready    | out |    1| ap_ctrl_hs | back_substitute_alt | return value |
|A_address0  | out |    4|  ap_memory |          A          |     array    |
|A_ce0       | out |    1|  ap_memory |          A          |     array    |
|A_q0        |  in |   32|  ap_memory |          A          |     array    |
|B_address0  | out |    4|  ap_memory |          B          |     array    |
|B_ce0       | out |    1|  ap_memory |          B          |     array    |
|B_we0       | out |    1|  ap_memory |          B          |     array    |
|B_d0        | out |   32|  ap_memory |          B          |     array    |
|B_address1  | out |    4|  ap_memory |          B          |     array    |
|B_ce1       | out |    1|  ap_memory |          B          |     array    |
|B_we1       | out |    1|  ap_memory |          B          |     array    |
|B_d1        | out |   32|  ap_memory |          B          |     array    |
+------------+-----+-----+------------+---------------------+--------------+

