==============================================================
File generated by Vivado(TM) HLS - High-Level Synthesis from C, C++ and SystemC
Version: 2018.2
Copyright (C) 1986-2018 Xilinx, Inc. All Rights Reserved.

==============================================================

==============================================================
File generated by Vivado(TM) HLS - High-Level Synthesis from C, C++ and SystemC
Version: 2018.2
Copyright (C) 1986-2018 Xilinx, Inc. All Rights Reserved.

==============================================================

==============================================================
File generated by Vivado(TM) HLS - High-Level Synthesis from C, C++ and SystemC
Version: 2018.2
Copyright (C) 1986-2018 Xilinx, Inc. All Rights Reserved.

==============================================================

INFO: [HLS 200-10] Setting target device to 'xcku040-ffva1156-2-e'
INFO: [SYN 201-201] Setting up clock 'default' with a period of 35ns.
INFO: [SIM 211-2] *************** CSIM start ***************
INFO: [SIM 211-4] CSIM will launch GCC as the compiler.
INFO: [SIM 211-1] CSim done with 0 errors.
INFO: [SIM 211-3] *************** CSIM finish ***************
INFO: [HLS 200-10] Analyzing design file './cholesky_inverse.cpp' ... 
INFO: [HLS 200-111] Finished Linking Time (s): cpu = 00:00:29 ; elapsed = 00:00:30 . Memory (MB): peak = 365.836 ; gain = 0.133 ; free physical = 11759 ; free virtual = 30345
INFO: [HLS 200-111] Finished Checking Pragmas Time (s): cpu = 00:00:29 ; elapsed = 00:00:30 . Memory (MB): peak = 365.836 ; gain = 0.133 ; free physical = 11759 ; free virtual = 30345
INFO: [HLS 200-10] Starting code transformations ...
INFO: [HLS 200-111] Finished Standard Transforms Time (s): cpu = 00:00:29 ; elapsed = 00:00:30 . Memory (MB): peak = 365.883 ; gain = 0.180 ; free physical = 11753 ; free virtual = 30340
INFO: [HLS 200-10] Checking synthesizability ...
INFO: [XFORM 203-602] Inlining function 'hls::sqrtf' into 'hls::x_sqrt' (/opt/Xilinx/Vivado/2018.2/common/technology/autopilot/hls/linear_algebra/utils/x_hls_matrix_utils.h:110) automatically.
INFO: [XFORM 203-602] Inlining function 'hls::x_sqrt' into 'hls::cholesky_sqrt_op<float, float>' (/opt/Xilinx/Vivado/2018.2/common/technology/autopilot/hls/linear_algebra/hls_cholesky.h:165) automatically.
INFO: [XFORM 203-602] Inlining function 'hls::rsqrtf' into 'hls::x_rsqrt' (/opt/Xilinx/Vivado/2018.2/common/technology/autopilot/hls/linear_algebra/utils/x_hls_matrix_utils.h:164) automatically.
INFO: [XFORM 203-602] Inlining function 'hls::x_rsqrt' into 'hls::cholesky_rsqrt<float, float>' (/opt/Xilinx/Vivado/2018.2/common/technology/autopilot/hls/linear_algebra/hls_cholesky.h:189) automatically.
INFO: [XFORM 203-602] Inlining function 'hls::x_conj<float const>24' into 'hls::cholesky_alt<false, 4, hls::cholesky_traits<false, 4, float, float>, float, float>23' (/opt/Xilinx/Vivado/2018.2/common/technology/autopilot/hls/linear_algebra/hls_cholesky.h:400) automatically.
INFO: [XFORM 203-602] Inlining function 'hls::x_conj<float>' into 'hls::cholesky_alt<false, 4, hls::cholesky_traits<false, 4, float, float>, float, float>23' (/opt/Xilinx/Vivado/2018.2/common/technology/autopilot/hls/linear_algebra/hls_cholesky.h:405) automatically.
INFO: [XFORM 203-602] Inlining function 'hls::cholesky_prod_sum_mult<float, float, float>' into 'hls::cholesky_alt<false, 4, hls::cholesky_traits<false, 4, float, float>, float, float>23' (/opt/Xilinx/Vivado/2018.2/common/technology/autopilot/hls/linear_algebra/hls_cholesky.h:413) automatically.
INFO: [XFORM 203-602] Inlining function 'hls::x_conj_sq<float>' into 'hls::cholesky_alt<false, 4, hls::cholesky_traits<false, 4, float, float>, float, float>23' (/opt/Xilinx/Vivado/2018.2/common/technology/autopilot/hls/linear_algebra/hls_cholesky.h:417) automatically.
INFO: [XFORM 203-602] Inlining function 'hls::x_conj<float>.1' into 'hls::cholesky_alt<false, 4, hls::cholesky_traits<false, 4, float, float>, float, float>23' (/opt/Xilinx/Vivado/2018.2/common/technology/autopilot/hls/linear_algebra/hls_cholesky.h:424) automatically.
INFO: [XFORM 203-602] Inlining function 'hls::cholesky_sqrt_op<float, float>' into 'hls::cholesky_alt<false, 4, hls::cholesky_traits<false, 4, float, float>, float, float>23' (/opt/Xilinx/Vivado/2018.2/common/technology/autopilot/hls/linear_algebra/hls_cholesky.h:432) automatically.
INFO: [XFORM 203-602] Inlining function 'hls::x_real<float>' into 'hls::cholesky_alt<false, 4, hls::cholesky_traits<false, 4, float, float>, float, float>23' (/opt/Xilinx/Vivado/2018.2/common/technology/autopilot/hls/linear_algebra/hls_cholesky.h:442) automatically.
INFO: [XFORM 203-602] Inlining function 'hls::cholesky_rsqrt<float, float>' into 'hls::cholesky_alt<false, 4, hls::cholesky_traits<false, 4, float, float>, float, float>23' (/opt/Xilinx/Vivado/2018.2/common/technology/autopilot/hls/linear_algebra/hls_cholesky.h:442) automatically.
INFO: [XFORM 203-602] Inlining function 'hls::back_substitute_recip<float>' into 'hls::back_substitute_alt<4, hls::back_substitute_traits<4, float, float>, float, float>' (/opt/Xilinx/Vivado/2018.2/common/technology/autopilot/hls/linear_algebra/hls_back_substitute.h:258) automatically.
INFO: [XFORM 203-602] Inlining function 'hls::x_real<float>' into 'hls::back_substitute_alt<4, hls::back_substitute_traits<4, float, float>, float, float>' (/opt/Xilinx/Vivado/2018.2/common/technology/autopilot/hls/linear_algebra/hls_back_substitute.h:259) automatically.
INFO: [XFORM 203-602] Inlining function 'hls::x_imag<float>' into 'hls::back_substitute_alt<4, hls::back_substitute_traits<4, float, float>, float, float>' (/opt/Xilinx/Vivado/2018.2/common/technology/autopilot/hls/linear_algebra/hls_back_substitute.h:259) automatically.
INFO: [XFORM 203-602] Inlining function 'hls::NoTranspose::GetElement<4, 4, float>' into 'hls::GetMatrixElement<hls::NoTranspose, 4, 4, float>' (/opt/Xilinx/Vivado/2018.2/common/technology/autopilot/hls/linear_algebra/utils/x_hls_matrix_utils.h:99) automatically.
INFO: [XFORM 203-602] Inlining function 'hls::x_conj<float const>24' into 'hls::ConjugateTranspose::GetElement<4, 4, float>' (/opt/Xilinx/Vivado/2018.2/common/technology/autopilot/hls/linear_algebra/utils/x_hls_matrix_utils.h:87) automatically.
INFO: [XFORM 203-602] Inlining function 'hls::ConjugateTranspose::GetElement<4, 4, float>' into 'hls::GetMatrixElement<hls::ConjugateTranspose, 4, 4, float>' (/opt/Xilinx/Vivado/2018.2/common/technology/autopilot/hls/linear_algebra/utils/x_hls_matrix_utils.h:99) automatically.
INFO: [XFORM 203-602] Inlining function 'hls::GetMatrixElement<hls::NoTranspose, 4, 4, float>' into 'hls::matrix_multiply_alt2<hls::NoTranspose, hls::ConjugateTranspose, 4, 4, 4, 4, 4, 4, hls::matrix_multiply_traits<hls::NoTranspose, hls::ConjugateTranspose, 4, 4, 4, 4, float, float>, float, float>26' (/opt/Xilinx/Vivado/2018.2/common/technology/autopilot/hls/linear_algebra/hls_matrix_multiply.h:316) automatically.
INFO: [XFORM 203-602] Inlining function 'hls::GetMatrixElement<hls::ConjugateTranspose, 4, 4, float>' into 'hls::matrix_multiply_alt2<hls::NoTranspose, hls::ConjugateTranspose, 4, 4, 4, 4, 4, 4, hls::matrix_multiply_traits<hls::NoTranspose, hls::ConjugateTranspose, 4, 4, 4, 4, float, float>, float, float>26' (/opt/Xilinx/Vivado/2018.2/common/technology/autopilot/hls/linear_algebra/hls_matrix_multiply.h:317) automatically.
INFO: [XFORM 203-602] Inlining function 'hls::cholesky_top<false, 4, hls::cholesky_traits<false, 4, float, float>, float, float>22' into 'hls::cholesky_inverse_top<4, hls::cholesky_inverse_traits<4, float, float>, float, float>' (/opt/Xilinx/Vivado/2018.2/common/technology/autopilot/hls/linear_algebra/hls_cholesky_inverse.h:144) automatically.
INFO: [XFORM 203-602] Inlining function 'hls::back_substitute_top<4, hls::back_substitute_traits<4, float, float>, float, float>' into 'hls::cholesky_inverse_top<4, hls::cholesky_inverse_traits<4, float, float>, float, float>' (/opt/Xilinx/Vivado/2018.2/common/technology/autopilot/hls/linear_algebra/hls_cholesky_inverse.h:148) automatically.
INFO: [XFORM 203-602] Inlining function 'hls::matrix_multiply_top<hls::NoTranspose, hls::ConjugateTranspose, 4, 4, 4, 4, 4, 4, hls::matrix_multiply_traits<hls::NoTranspose, hls::ConjugateTranspose, 4, 4, 4, 4, float, float>, float, float>20' into 'hls::cholesky_inverse_top<4, hls::cholesky_inverse_traits<4, float, float>, float, float>' (/opt/Xilinx/Vivado/2018.2/common/technology/autopilot/hls/linear_algebra/hls_cholesky_inverse.h:151) automatically.
INFO: [XFORM 203-602] Inlining function 'hls::cholesky_inverse_top<4, hls::cholesky_inverse_traits<4, float, float>, float, float>' into 'hls::cholesky_inverse<4, float, float>' (/opt/Xilinx/Vivado/2018.2/common/technology/autopilot/hls/linear_algebra/hls_cholesky_inverse.h:175) automatically.
INFO: [XFORM 203-602] Inlining function 'hls::cholesky_inverse<4, float, float>' into 'cholesky_inverse_top' (./cholesky_inverse.cpp:49) automatically.
INFO: [HLS 200-111] Finished Checking Synthesizability Time (s): cpu = 00:00:29 ; elapsed = 00:00:30 . Memory (MB): peak = 365.883 ; gain = 0.180 ; free physical = 11750 ; free virtual = 30338
WARNING: [XFORM 203-105] Cannot partition array 'U_inv' (/opt/Xilinx/Vivado/2018.2/common/technology/autopilot/hls/linear_algebra/hls_cholesky_inverse.h:139): incorrect partition factor 1.
WARNING: [XFORM 203-105] Cannot partition array 'inverse_a_i' : incorrect partition factor 1.
WARNING: [XFORM 203-105] Cannot partition array 'sum_mult' (/opt/Xilinx/Vivado/2018.2/common/technology/autopilot/hls/linear_algebra/hls_matrix_multiply.h:304): incorrect partition factor 1.
INFO: [XFORM 203-102] Automatically partitioning small array 'diag' (/opt/Xilinx/Vivado/2018.2/common/technology/autopilot/hls/linear_algebra/hls_back_substitute.h:241) completely based on array size.
INFO: [XFORM 203-102] Automatically partitioning small array 'column_multiplier' (/opt/Xilinx/Vivado/2018.2/common/technology/autopilot/hls/linear_algebra/hls_back_substitute.h:252) completely based on array size.
INFO: [XFORM 203-102] Automatically partitioning small array 'diag_internal' (/opt/Xilinx/Vivado/2018.2/common/technology/autopilot/hls/linear_algebra/hls_cholesky.h:367) completely based on array size.
INFO: [XFORM 203-101] Partitioning array 'diag' (/opt/Xilinx/Vivado/2018.2/common/technology/autopilot/hls/linear_algebra/hls_back_substitute.h:241) in dimension 1 completely.
INFO: [XFORM 203-101] Partitioning array 'column_multiplier' (/opt/Xilinx/Vivado/2018.2/common/technology/autopilot/hls/linear_algebra/hls_back_substitute.h:252) in dimension 1 completely.
INFO: [XFORM 203-101] Partitioning array 'diag_internal' (/opt/Xilinx/Vivado/2018.2/common/technology/autopilot/hls/linear_algebra/hls_cholesky.h:367) in dimension 1 completely.
INFO: [XFORM 203-602] Inlining function 'hls::sqrtf' into 'hls::x_sqrt' (/opt/Xilinx/Vivado/2018.2/common/technology/autopilot/hls/linear_algebra/utils/x_hls_matrix_utils.h:110) automatically.
INFO: [XFORM 203-602] Inlining function 'hls::x_sqrt' into 'hls::cholesky_sqrt_op<float, float>' (/opt/Xilinx/Vivado/2018.2/common/technology/autopilot/hls/linear_algebra/hls_cholesky.h:165) automatically.
INFO: [XFORM 203-602] Inlining function 'hls::rsqrtf' into 'hls::x_rsqrt' (/opt/Xilinx/Vivado/2018.2/common/technology/autopilot/hls/linear_algebra/utils/x_hls_matrix_utils.h:164) automatically.
INFO: [XFORM 203-602] Inlining function 'hls::x_rsqrt' into 'hls::cholesky_rsqrt<float, float>' (/opt/Xilinx/Vivado/2018.2/common/technology/autopilot/hls/linear_algebra/hls_cholesky.h:189) automatically.
INFO: [XFORM 203-602] Inlining function 'hls::x_conj<float const>' into 'hls::cholesky_alt<false, 4, hls::cholesky_traits<false, 4, float, float>, float, float>' (/opt/Xilinx/Vivado/2018.2/common/technology/autopilot/hls/linear_algebra/hls_cholesky.h:400) automatically.
INFO: [XFORM 203-602] Inlining function 'hls::x_conj<float>' into 'hls::cholesky_alt<false, 4, hls::cholesky_traits<false, 4, float, float>, float, float>' (/opt/Xilinx/Vivado/2018.2/common/technology/autopilot/hls/linear_algebra/hls_cholesky.h:405) automatically.
INFO: [XFORM 203-602] Inlining function 'hls::cholesky_prod_sum_mult<float, float, float>' into 'hls::cholesky_alt<false, 4, hls::cholesky_traits<false, 4, float, float>, float, float>' (/opt/Xilinx/Vivado/2018.2/common/technology/autopilot/hls/linear_algebra/hls_cholesky.h:413) automatically.
INFO: [XFORM 203-602] Inlining function 'hls::x_conj_sq<float>' into 'hls::cholesky_alt<false, 4, hls::cholesky_traits<false, 4, float, float>, float, float>' (/opt/Xilinx/Vivado/2018.2/common/technology/autopilot/hls/linear_algebra/hls_cholesky.h:417) automatically.
INFO: [XFORM 203-602] Inlining function 'hls::cholesky_sqrt_op<float, float>' into 'hls::cholesky_alt<false, 4, hls::cholesky_traits<false, 4, float, float>, float, float>' (/opt/Xilinx/Vivado/2018.2/common/technology/autopilot/hls/linear_algebra/hls_cholesky.h:432) automatically.
INFO: [XFORM 203-602] Inlining function 'hls::x_real<float>' into 'hls::cholesky_alt<false, 4, hls::cholesky_traits<false, 4, float, float>, float, float>' (/opt/Xilinx/Vivado/2018.2/common/technology/autopilot/hls/linear_algebra/hls_cholesky.h:442) automatically.
INFO: [XFORM 203-602] Inlining function 'hls::cholesky_rsqrt<float, float>' into 'hls::cholesky_alt<false, 4, hls::cholesky_traits<false, 4, float, float>, float, float>' (/opt/Xilinx/Vivado/2018.2/common/technology/autopilot/hls/linear_algebra/hls_cholesky.h:442) automatically.
INFO: [XFORM 203-602] Inlining function 'hls::back_substitute_recip<float>' into 'hls::back_substitute_alt<4, hls::back_substitute_traits<4, float, float>, float, float>' (/opt/Xilinx/Vivado/2018.2/common/technology/autopilot/hls/linear_algebra/hls_back_substitute.h:258) automatically.
INFO: [XFORM 203-602] Inlining function 'hls::x_real<float>' into 'hls::back_substitute_alt<4, hls::back_substitute_traits<4, float, float>, float, float>' (/opt/Xilinx/Vivado/2018.2/common/technology/autopilot/hls/linear_algebra/hls_back_substitute.h:259) automatically.
INFO: [XFORM 203-602] Inlining function 'hls::NoTranspose::GetElement<4, 4, float>' into 'hls::GetMatrixElement<hls::NoTranspose, 4, 4, float>' (/opt/Xilinx/Vivado/2018.2/common/technology/autopilot/hls/linear_algebra/utils/x_hls_matrix_utils.h:99) automatically.
INFO: [XFORM 203-602] Inlining function 'hls::x_conj<float const>' into 'hls::ConjugateTranspose::GetElement<4, 4, float>' (/opt/Xilinx/Vivado/2018.2/common/technology/autopilot/hls/linear_algebra/utils/x_hls_matrix_utils.h:87) automatically.
INFO: [XFORM 203-602] Inlining function 'hls::ConjugateTranspose::GetElement<4, 4, float>' into 'hls::GetMatrixElement<hls::ConjugateTranspose, 4, 4, float>' (/opt/Xilinx/Vivado/2018.2/common/technology/autopilot/hls/linear_algebra/utils/x_hls_matrix_utils.h:99) automatically.
INFO: [XFORM 203-602] Inlining function 'hls::GetMatrixElement<hls::NoTranspose, 4, 4, float>' into 'hls::matrix_multiply_alt2<hls::NoTranspose, hls::ConjugateTranspose, 4, 4, 4, 4, 4, 4, hls::matrix_multiply_traits<hls::NoTranspose, hls::ConjugateTranspose, 4, 4, 4, 4, float, float>, float, float>' (/opt/Xilinx/Vivado/2018.2/common/technology/autopilot/hls/linear_algebra/hls_matrix_multiply.h:316) automatically.
INFO: [XFORM 203-602] Inlining function 'hls::GetMatrixElement<hls::ConjugateTranspose, 4, 4, float>' into 'hls::matrix_multiply_alt2<hls::NoTranspose, hls::ConjugateTranspose, 4, 4, 4, 4, 4, 4, hls::matrix_multiply_traits<hls::NoTranspose, hls::ConjugateTranspose, 4, 4, 4, 4, float, float>, float, float>' (/opt/Xilinx/Vivado/2018.2/common/technology/autopilot/hls/linear_algebra/hls_matrix_multiply.h:317) automatically.
INFO: [XFORM 203-602] Inlining function 'hls::cholesky_top<false, 4, hls::cholesky_traits<false, 4, float, float>, float, float>' into 'hls::cholesky_inverse_top<4, hls::cholesky_inverse_traits<4, float, float>, float, float>' (/opt/Xilinx/Vivado/2018.2/common/technology/autopilot/hls/linear_algebra/hls_cholesky_inverse.h:144) automatically.
INFO: [XFORM 203-602] Inlining function 'hls::back_substitute_top<4, hls::back_substitute_traits<4, float, float>, float, float>' into 'hls::cholesky_inverse_top<4, hls::cholesky_inverse_traits<4, float, float>, float, float>' (/opt/Xilinx/Vivado/2018.2/common/technology/autopilot/hls/linear_algebra/hls_cholesky_inverse.h:148) automatically.
INFO: [XFORM 203-602] Inlining function 'hls::matrix_multiply_top<hls::NoTranspose, hls::ConjugateTranspose, 4, 4, 4, 4, 4, 4, hls::matrix_multiply_traits<hls::NoTranspose, hls::ConjugateTranspose, 4, 4, 4, 4, float, float>, float, float>' into 'hls::cholesky_inverse_top<4, hls::cholesky_inverse_traits<4, float, float>, float, float>' automatically.
INFO: [XFORM 203-602] Inlining function 'hls::cholesky_inverse_top<4, hls::cholesky_inverse_traits<4, float, float>, float, float>' into 'hls::cholesky_inverse<4, float, float>' (/opt/Xilinx/Vivado/2018.2/common/technology/autopilot/hls/linear_algebra/hls_cholesky_inverse.h:175) automatically.
INFO: [XFORM 203-602] Inlining function 'hls::cholesky_inverse<4, float, float>' into 'cholesky_inverse_top' (./cholesky_inverse.cpp:49) automatically.
INFO: [XFORM 203-401] Performing if-conversion on hyperblock from (/opt/Xilinx/Vivado/2018.2/common/technology/autopilot/hls/linear_algebra/hls_cholesky.h:430:7) to (/opt/Xilinx/Vivado/2018.2/common/technology/autopilot/hls/linear_algebra/hls_cholesky.h:384:45) in function 'hls::cholesky_alt<false, 4, hls::cholesky_traits<false, 4, float, float>, float, float>'... converting 7 basic blocks.
INFO: [XFORM 203-401] Performing if-conversion on hyperblock from (/opt/Xilinx/Vivado/2018.2/common/technology/autopilot/hls/linear_algebra/hls_back_substitute.h:277:17) to (/opt/Xilinx/Vivado/2018.2/common/technology/autopilot/hls/linear_algebra/hls_back_substitute.h:287:15) in function 'hls::back_substitute_alt<4, hls::back_substitute_traits<4, float, float>, float, float>'... converting 8 basic blocks.
INFO: [XFORM 203-401] Performing if-conversion on hyperblock from (/opt/Xilinx/Vivado/2018.2/common/technology/autopilot/hls/linear_algebra/hls_back_substitute.h:288:17) in function 'hls::back_substitute_alt<4, hls::back_substitute_traits<4, float, float>, float, float>'... converting 3 basic blocks.
INFO: [HLS 200-111] Finished Pre-synthesis Time (s): cpu = 00:00:30 ; elapsed = 00:00:31 . Memory (MB): peak = 493.703 ; gain = 128.000 ; free physical = 11728 ; free virtual = 30316
INFO: [XFORM 203-541] Flattening a loop nest 'a_row_loop' (/opt/Xilinx/Vivado/2018.2/common/technology/autopilot/hls/linear_algebra/hls_matrix_multiply.h:311:76) in function 'hls::matrix_multiply_alt2<hls::NoTranspose, hls::ConjugateTranspose, 4, 4, 4, 4, 4, 4, hls::matrix_multiply_traits<hls::NoTranspose, hls::ConjugateTranspose, 4, 4, 4, 4, float, float>, float, float>'.
INFO: [XFORM 203-541] Flattening a loop nest 'a_col_loop' (/opt/Xilinx/Vivado/2018.2/common/technology/autopilot/hls/linear_algebra/hls_matrix_multiply.h:310:71) in function 'hls::matrix_multiply_alt2<hls::NoTranspose, hls::ConjugateTranspose, 4, 4, 4, 4, 4, 4, hls::matrix_multiply_traits<hls::NoTranspose, hls::ConjugateTranspose, 4, 4, 4, 4, float, float>, float, float>'.
WARNING: [XFORM 203-542] Cannot flatten a loop nest 'col_loop' (/opt/Xilinx/Vivado/2018.2/common/technology/autopilot/hls/linear_algebra/hls_cholesky.h:391:45) in function 'hls::cholesky_alt<false, 4, hls::cholesky_traits<false, 4, float, float>, float, float>' : 

the outer loop is not a perfect loop because there is nontrivial logic before entering the inner loop.
WARNING: [XFORM 203-542] Cannot flatten a loop nest 'row_loop' (/opt/Xilinx/Vivado/2018.2/common/technology/autopilot/hls/linear_algebra/hls_cholesky.h:384:51) in function 'hls::cholesky_alt<false, 4, hls::cholesky_traits<false, 4, float, float>, float, float>' : 

the outer loop is not a perfect loop because there is nontrivial logic in the loop latch.
WARNING: [XFORM 203-542] Cannot flatten a loop nest 'a_row_loop' (/opt/Xilinx/Vivado/2018.2/common/technology/autopilot/hls/linear_algebra/hls_back_substitute.h:267:50) in function 'hls::back_substitute_alt<4, hls::back_substitute_traits<4, float, float>, float, float>' : 

the outer loop is not a perfect loop because there is nontrivial logic before entering the inner loop.
WARNING: [XFORM 203-542] Cannot flatten a loop nest 'a_col_b_row_loop' (/opt/Xilinx/Vivado/2018.2/common/technology/autopilot/hls/linear_algebra/hls_back_substitute.h:264:54) in function 'hls::back_substitute_alt<4, hls::back_substitute_traits<4, float, float>, float, float>' : 

the outer loop is not a perfect loop.
WARNING: [XFORM 203-631] Renaming function 'hls::matrix_multiply_alt2<hls::NoTranspose, hls::ConjugateTranspose, 4, 4, 4, 4, 4, 4, hls::matrix_multiply_traits<hls::NoTranspose, hls::ConjugateTranspose, 4, 4, 4, 4, float, float>, float, float>' to 'matrix_multiply_alt2' (/opt/Xilinx/Vivado/2018.2/common/technology/autopilot/hls/linear_algebra/hls_matrix_multiply.h:60:13)
WARNING: [XFORM 203-631] Renaming function 'hls::cholesky_alt<false, 4, hls::cholesky_traits<false, 4, float, float>, float, float>' to 'cholesky_alt' (/opt/Xilinx/Vivado/2018.2/common/technology/autopilot/hls/linear_algebra/hls_cholesky.h:10:9)
WARNING: [XFORM 203-631] Renaming function 'hls::back_substitute_alt<4, hls::back_substitute_traits<4, float, float>, float, float>' to 'back_substitute_alt' (/opt/Xilinx/Vivado/2018.2/common/technology/autopilot/hls/linear_algebra/hls_back_substitute.h:121:17)
INFO: [HLS 200-111] Finished Architecture Synthesis Time (s): cpu = 00:00:30 ; elapsed = 00:00:31 . Memory (MB): peak = 493.703 ; gain = 128.000 ; free physical = 11708 ; free virtual = 30296
INFO: [HLS 200-10] Starting hardware synthesis ...
INFO: [HLS 200-10] Synthesizing 'cholesky_inverse_top' ...
INFO: [HLS 200-10] ----------------------------------------------------------------
INFO: [HLS 200-42] -- Implementing module 'cholesky_alt' 
INFO: [HLS 200-10] ----------------------------------------------------------------
INFO: [SCHED 204-11] Starting scheduling ...
INFO: [SCHED 204-61] Pipelining loop 'sum_loop'.
INFO: [SCHED 204-61] Pipelining result : Target II = 1, Final II = 1, Depth = 2.
INFO: [SCHED 204-11] Finished scheduling.
INFO: [HLS 200-111]  Elapsed time: 31.05 seconds; current allocated memory: 103.682 MB.
INFO: [HLS 200-434] Only 1 loops out of a total 3 loops have been pipelined in this design.
INFO: [BIND 205-100] Starting micro-architecture generation ...
INFO: [BIND 205-101] Performing variable lifetime analysis.
INFO: [BIND 205-101] Exploring resource sharing.
INFO: [BIND 205-101] Binding ...
INFO: [BIND 205-100] Finished micro-architecture generation.
INFO: [HLS 200-111]  Elapsed time: 0.07 seconds; current allocated memory: 104.346 MB.
INFO: [HLS 200-10] ----------------------------------------------------------------
INFO: [HLS 200-42] -- Implementing module 'back_substitute_alt' 
INFO: [HLS 200-10] ----------------------------------------------------------------
INFO: [SCHED 204-11] Starting scheduling ...
INFO: [SCHED 204-61] Pipelining loop 'diag_loop'.
INFO: [SCHED 204-61] Pipelining result : Target II = 1, Final II = 1, Depth = 6.
INFO: [SCHED 204-61] Pipelining loop 'b_col_loop'.
INFO: [SCHED 204-61] Pipelining result : Target II = 1, Final II = 1, Depth = 2.
INFO: [SCHED 204-11] Finished scheduling.
INFO: [HLS 200-111]  Elapsed time: 0.2 seconds; current allocated memory: 105.036 MB.
INFO: [BIND 205-100] Starting micro-architecture generation ...
INFO: [BIND 205-101] Performing variable lifetime analysis.
INFO: [BIND 205-101] Exploring resource sharing.
INFO: [BIND 205-101] Binding ...
INFO: [BIND 205-100] Finished micro-architecture generation.
INFO: [HLS 200-111]  Elapsed time: 0.05 seconds; current allocated memory: 105.527 MB.
INFO: [HLS 200-10] ----------------------------------------------------------------
INFO: [HLS 200-42] -- Implementing module 'matrix_multiply_alt2' 
INFO: [HLS 200-10] ----------------------------------------------------------------
INFO: [SCHED 204-11] Starting scheduling ...
INFO: [SCHED 204-61] Pipelining loop 'a_col_loop_a_row_loop_b_col_loop'.
INFO: [SCHED 204-61] Pipelining result : Target II = 1, Final II = 1, Depth = 2.
INFO: [SCHED 204-11] Finished scheduling.
INFO: [HLS 200-111]  Elapsed time: 0.13 seconds; current allocated memory: 105.878 MB.
INFO: [BIND 205-100] Starting micro-architecture generation ...
INFO: [BIND 205-101] Performing variable lifetime analysis.
INFO: [BIND 205-101] Exploring resource sharing.
INFO: [BIND 205-101] Binding ...
INFO: [BIND 205-100] Finished micro-architecture generation.
INFO: [HLS 200-111]  Elapsed time: 0.05 seconds; current allocated memory: 106.163 MB.
INFO: [HLS 200-10] ----------------------------------------------------------------
INFO: [HLS 200-42] -- Implementing module 'cholesky_inverse_top' 
INFO: [HLS 200-10] ----------------------------------------------------------------
INFO: [SCHED 204-11] Starting scheduling ...
INFO: [SCHED 204-11] Finished scheduling.
INFO: [HLS 200-111]  Elapsed time: 0.08 seconds; current allocated memory: 106.418 MB.
INFO: [BIND 205-100] Starting micro-architecture generation ...
INFO: [BIND 205-101] Performing variable lifetime analysis.
INFO: [BIND 205-101] Exploring resource sharing.
INFO: [BIND 205-101] Binding ...
INFO: [BIND 205-100] Finished micro-architecture generation.
INFO: [HLS 200-111]  Elapsed time: 0.19 seconds; current allocated memory: 106.747 MB.
INFO: [HLS 200-10] ----------------------------------------------------------------
INFO: [HLS 200-10] -- Generating RTL for module 'cholesky_alt' 
INFO: [HLS 200-10] ----------------------------------------------------------------
INFO: [SYN 201-210] Renamed object name 'cholesky_alt_L_internal' to 'cholesky_alt_L_inbkb' due to the length limit 20
==============================================================
File generated by Vivado(TM) HLS - High-Level Synthesis from C, C++ and SystemC
Version: 2018.2
Copyright (C) 1986-2018 Xilinx, Inc. All Rights Reserved.

==============================================================

INFO: [HLS 200-10] Setting target device to 'xczu7ev-ffvc1156-2-e'
INFO: [SYN 201-201] Setting up clock 'default' with a period of 35ns.
INFO: [SIM 211-2] *************** CSIM start ***************
INFO: [SIM 211-4] CSIM will launch GCC as the compiler.
INFO: [SIM 211-1] CSim done with 0 errors.
INFO: [SIM 211-3] *************** CSIM finish ***************
INFO: [HLS 200-10] Analyzing design file './cholesky_inverse.cpp' ... 
INFO: [HLS 200-111] Finished Linking Time (s): cpu = 00:00:29 ; elapsed = 00:00:30 . Memory (MB): peak = 365.836 ; gain = 0.133 ; free physical = 10730 ; free virtual = 29641
INFO: [HLS 200-111] Finished Checking Pragmas Time (s): cpu = 00:00:29 ; elapsed = 00:00:30 . Memory (MB): peak = 365.836 ; gain = 0.133 ; free physical = 10731 ; free virtual = 29641
INFO: [HLS 200-10] Starting code transformations ...
INFO: [HLS 200-111] Finished Standard Transforms Time (s): cpu = 00:00:30 ; elapsed = 00:00:30 . Memory (MB): peak = 365.883 ; gain = 0.180 ; free physical = 10725 ; free virtual = 29636
INFO: [HLS 200-10] Checking synthesizability ...
INFO: [XFORM 203-602] Inlining function 'hls::sqrtf' into 'hls::x_sqrt' (/opt/Xilinx/Vivado/2018.2/common/technology/autopilot/hls/linear_algebra/utils/x_hls_matrix_utils.h:110) automatically.
INFO: [XFORM 203-602] Inlining function 'hls::x_sqrt' into 'hls::cholesky_sqrt_op<float, float>' (/opt/Xilinx/Vivado/2018.2/common/technology/autopilot/hls/linear_algebra/hls_cholesky.h:165) automatically.
INFO: [XFORM 203-602] Inlining function 'hls::rsqrtf' into 'hls::x_rsqrt' (/opt/Xilinx/Vivado/2018.2/common/technology/autopilot/hls/linear_algebra/utils/x_hls_matrix_utils.h:164) automatically.
INFO: [XFORM 203-602] Inlining function 'hls::x_rsqrt' into 'hls::cholesky_rsqrt<float, float>' (/opt/Xilinx/Vivado/2018.2/common/technology/autopilot/hls/linear_algebra/hls_cholesky.h:189) automatically.
INFO: [XFORM 203-602] Inlining function 'hls::x_conj<float const>24' into 'hls::cholesky_alt<false, 4, hls::cholesky_traits<false, 4, float, float>, float, float>23' (/opt/Xilinx/Vivado/2018.2/common/technology/autopilot/hls/linear_algebra/hls_cholesky.h:400) automatically.
INFO: [XFORM 203-602] Inlining function 'hls::x_conj<float>' into 'hls::cholesky_alt<false, 4, hls::cholesky_traits<false, 4, float, float>, float, float>23' (/opt/Xilinx/Vivado/2018.2/common/technology/autopilot/hls/linear_algebra/hls_cholesky.h:405) automatically.
INFO: [XFORM 203-602] Inlining function 'hls::cholesky_prod_sum_mult<float, float, float>' into 'hls::cholesky_alt<false, 4, hls::cholesky_traits<false, 4, float, float>, float, float>23' (/opt/Xilinx/Vivado/2018.2/common/technology/autopilot/hls/linear_algebra/hls_cholesky.h:413) automatically.
INFO: [XFORM 203-602] Inlining function 'hls::x_conj_sq<float>' into 'hls::cholesky_alt<false, 4, hls::cholesky_traits<false, 4, float, float>, float, float>23' (/opt/Xilinx/Vivado/2018.2/common/technology/autopilot/hls/linear_algebra/hls_cholesky.h:417) automatically.
INFO: [XFORM 203-602] Inlining function 'hls::x_conj<float>.1' into 'hls::cholesky_alt<false, 4, hls::cholesky_traits<false, 4, float, float>, float, float>23' (/opt/Xilinx/Vivado/2018.2/common/technology/autopilot/hls/linear_algebra/hls_cholesky.h:424) automatically.
INFO: [XFORM 203-602] Inlining function 'hls::cholesky_sqrt_op<float, float>' into 'hls::cholesky_alt<false, 4, hls::cholesky_traits<false, 4, float, float>, float, float>23' (/opt/Xilinx/Vivado/2018.2/common/technology/autopilot/hls/linear_algebra/hls_cholesky.h:432) automatically.
INFO: [XFORM 203-602] Inlining function 'hls::x_real<float>' into 'hls::cholesky_alt<false, 4, hls::cholesky_traits<false, 4, float, float>, float, float>23' (/opt/Xilinx/Vivado/2018.2/common/technology/autopilot/hls/linear_algebra/hls_cholesky.h:442) automatically.
INFO: [XFORM 203-602] Inlining function 'hls::cholesky_rsqrt<float, float>' into 'hls::cholesky_alt<false, 4, hls::cholesky_traits<false, 4, float, float>, float, float>23' (/opt/Xilinx/Vivado/2018.2/common/technology/autopilot/hls/linear_algebra/hls_cholesky.h:442) automatically.
INFO: [XFORM 203-602] Inlining function 'hls::back_substitute_recip<float>' into 'hls::back_substitute_alt<4, hls::back_substitute_traits<4, float, float>, float, float>' (/opt/Xilinx/Vivado/2018.2/common/technology/autopilot/hls/linear_algebra/hls_back_substitute.h:258) automatically.
INFO: [XFORM 203-602] Inlining function 'hls::x_real<float>' into 'hls::back_substitute_alt<4, hls::back_substitute_traits<4, float, float>, float, float>' (/opt/Xilinx/Vivado/2018.2/common/technology/autopilot/hls/linear_algebra/hls_back_substitute.h:259) automatically.
INFO: [XFORM 203-602] Inlining function 'hls::x_imag<float>' into 'hls::back_substitute_alt<4, hls::back_substitute_traits<4, float, float>, float, float>' (/opt/Xilinx/Vivado/2018.2/common/technology/autopilot/hls/linear_algebra/hls_back_substitute.h:259) automatically.
INFO: [XFORM 203-602] Inlining function 'hls::NoTranspose::GetElement<4, 4, float>' into 'hls::GetMatrixElement<hls::NoTranspose, 4, 4, float>' (/opt/Xilinx/Vivado/2018.2/common/technology/autopilot/hls/linear_algebra/utils/x_hls_matrix_utils.h:99) automatically.
INFO: [XFORM 203-602] Inlining function 'hls::x_conj<float const>24' into 'hls::ConjugateTranspose::GetElement<4, 4, float>' (/opt/Xilinx/Vivado/2018.2/common/technology/autopilot/hls/linear_algebra/utils/x_hls_matrix_utils.h:87) automatically.
INFO: [XFORM 203-602] Inlining function 'hls::ConjugateTranspose::GetElement<4, 4, float>' into 'hls::GetMatrixElement<hls::ConjugateTranspose, 4, 4, float>' (/opt/Xilinx/Vivado/2018.2/common/technology/autopilot/hls/linear_algebra/utils/x_hls_matrix_utils.h:99) automatically.
INFO: [XFORM 203-602] Inlining function 'hls::GetMatrixElement<hls::NoTranspose, 4, 4, float>' into 'hls::matrix_multiply_alt2<hls::NoTranspose, hls::ConjugateTranspose, 4, 4, 4, 4, 4, 4, hls::matrix_multiply_traits<hls::NoTranspose, hls::ConjugateTranspose, 4, 4, 4, 4, float, float>, float, float>26' (/opt/Xilinx/Vivado/2018.2/common/technology/autopilot/hls/linear_algebra/hls_matrix_multiply.h:316) automatically.
INFO: [XFORM 203-602] Inlining function 'hls::GetMatrixElement<hls::ConjugateTranspose, 4, 4, float>' into 'hls::matrix_multiply_alt2<hls::NoTranspose, hls::ConjugateTranspose, 4, 4, 4, 4, 4, 4, hls::matrix_multiply_traits<hls::NoTranspose, hls::ConjugateTranspose, 4, 4, 4, 4, float, float>, float, float>26' (/opt/Xilinx/Vivado/2018.2/common/technology/autopilot/hls/linear_algebra/hls_matrix_multiply.h:317) automatically.
INFO: [XFORM 203-602] Inlining function 'hls::cholesky_top<false, 4, hls::cholesky_traits<false, 4, float, float>, float, float>22' into 'hls::cholesky_inverse_top<4, hls::cholesky_inverse_traits<4, float, float>, float, float>' (/opt/Xilinx/Vivado/2018.2/common/technology/autopilot/hls/linear_algebra/hls_cholesky_inverse.h:144) automatically.
INFO: [XFORM 203-602] Inlining function 'hls::back_substitute_top<4, hls::back_substitute_traits<4, float, float>, float, float>' into 'hls::cholesky_inverse_top<4, hls::cholesky_inverse_traits<4, float, float>, float, float>' (/opt/Xilinx/Vivado/2018.2/common/technology/autopilot/hls/linear_algebra/hls_cholesky_inverse.h:148) automatically.
INFO: [XFORM 203-602] Inlining function 'hls::matrix_multiply_top<hls::NoTranspose, hls::ConjugateTranspose, 4, 4, 4, 4, 4, 4, hls::matrix_multiply_traits<hls::NoTranspose, hls::ConjugateTranspose, 4, 4, 4, 4, float, float>, float, float>20' into 'hls::cholesky_inverse_top<4, hls::cholesky_inverse_traits<4, float, float>, float, float>' (/opt/Xilinx/Vivado/2018.2/common/technology/autopilot/hls/linear_algebra/hls_cholesky_inverse.h:151) automatically.
INFO: [XFORM 203-602] Inlining function 'hls::cholesky_inverse_top<4, hls::cholesky_inverse_traits<4, float, float>, float, float>' into 'hls::cholesky_inverse<4, float, float>' (/opt/Xilinx/Vivado/2018.2/common/technology/autopilot/hls/linear_algebra/hls_cholesky_inverse.h:175) automatically.
INFO: [XFORM 203-602] Inlining function 'hls::cholesky_inverse<4, float, float>' into 'cholesky_inverse_top' (./cholesky_inverse.cpp:49) automatically.
INFO: [HLS 200-111] Finished Checking Synthesizability Time (s): cpu = 00:00:30 ; elapsed = 00:00:30 . Memory (MB): peak = 365.883 ; gain = 0.180 ; free physical = 10721 ; free virtual = 29633
WARNING: [XFORM 203-105] Cannot partition array 'U_inv' (/opt/Xilinx/Vivado/2018.2/common/technology/autopilot/hls/linear_algebra/hls_cholesky_inverse.h:139): incorrect partition factor 1.
WARNING: [XFORM 203-105] Cannot partition array 'inverse_a_i' : incorrect partition factor 1.
WARNING: [XFORM 203-105] Cannot partition array 'sum_mult' (/opt/Xilinx/Vivado/2018.2/common/technology/autopilot/hls/linear_algebra/hls_matrix_multiply.h:304): incorrect partition factor 1.
INFO: [XFORM 203-102] Automatically partitioning small array 'diag' (/opt/Xilinx/Vivado/2018.2/common/technology/autopilot/hls/linear_algebra/hls_back_substitute.h:241) completely based on array size.
INFO: [XFORM 203-102] Automatically partitioning small array 'column_multiplier' (/opt/Xilinx/Vivado/2018.2/common/technology/autopilot/hls/linear_algebra/hls_back_substitute.h:252) completely based on array size.
INFO: [XFORM 203-102] Automatically partitioning small array 'diag_internal' (/opt/Xilinx/Vivado/2018.2/common/technology/autopilot/hls/linear_algebra/hls_cholesky.h:367) completely based on array size.
INFO: [XFORM 203-101] Partitioning array 'diag' (/opt/Xilinx/Vivado/2018.2/common/technology/autopilot/hls/linear_algebra/hls_back_substitute.h:241) in dimension 1 completely.
INFO: [XFORM 203-101] Partitioning array 'column_multiplier' (/opt/Xilinx/Vivado/2018.2/common/technology/autopilot/hls/linear_algebra/hls_back_substitute.h:252) in dimension 1 completely.
INFO: [XFORM 203-101] Partitioning array 'diag_internal' (/opt/Xilinx/Vivado/2018.2/common/technology/autopilot/hls/linear_algebra/hls_cholesky.h:367) in dimension 1 completely.
INFO: [XFORM 203-602] Inlining function 'hls::sqrtf' into 'hls::x_sqrt' (/opt/Xilinx/Vivado/2018.2/common/technology/autopilot/hls/linear_algebra/utils/x_hls_matrix_utils.h:110) automatically.
INFO: [XFORM 203-602] Inlining function 'hls::x_sqrt' into 'hls::cholesky_sqrt_op<float, float>' (/opt/Xilinx/Vivado/2018.2/common/technology/autopilot/hls/linear_algebra/hls_cholesky.h:165) automatically.
INFO: [XFORM 203-602] Inlining function 'hls::rsqrtf' into 'hls::x_rsqrt' (/opt/Xilinx/Vivado/2018.2/common/technology/autopilot/hls/linear_algebra/utils/x_hls_matrix_utils.h:164) automatically.
INFO: [XFORM 203-602] Inlining function 'hls::x_rsqrt' into 'hls::cholesky_rsqrt<float, float>' (/opt/Xilinx/Vivado/2018.2/common/technology/autopilot/hls/linear_algebra/hls_cholesky.h:189) automatically.
INFO: [XFORM 203-602] Inlining function 'hls::x_conj<float const>' into 'hls::cholesky_alt<false, 4, hls::cholesky_traits<false, 4, float, float>, float, float>' (/opt/Xilinx/Vivado/2018.2/common/technology/autopilot/hls/linear_algebra/hls_cholesky.h:400) automatically.
INFO: [XFORM 203-602] Inlining function 'hls::x_conj<float>' into 'hls::cholesky_alt<false, 4, hls::cholesky_traits<false, 4, float, float>, float, float>' (/opt/Xilinx/Vivado/2018.2/common/technology/autopilot/hls/linear_algebra/hls_cholesky.h:405) automatically.
INFO: [XFORM 203-602] Inlining function 'hls::cholesky_prod_sum_mult<float, float, float>' into 'hls::cholesky_alt<false, 4, hls::cholesky_traits<false, 4, float, float>, float, float>' (/opt/Xilinx/Vivado/2018.2/common/technology/autopilot/hls/linear_algebra/hls_cholesky.h:413) automatically.
INFO: [XFORM 203-602] Inlining function 'hls::x_conj_sq<float>' into 'hls::cholesky_alt<false, 4, hls::cholesky_traits<false, 4, float, float>, float, float>' (/opt/Xilinx/Vivado/2018.2/common/technology/autopilot/hls/linear_algebra/hls_cholesky.h:417) automatically.
INFO: [XFORM 203-602] Inlining function 'hls::cholesky_sqrt_op<float, float>' into 'hls::cholesky_alt<false, 4, hls::cholesky_traits<false, 4, float, float>, float, float>' (/opt/Xilinx/Vivado/2018.2/common/technology/autopilot/hls/linear_algebra/hls_cholesky.h:432) automatically.
INFO: [XFORM 203-602] Inlining function 'hls::x_real<float>' into 'hls::cholesky_alt<false, 4, hls::cholesky_traits<false, 4, float, float>, float, float>' (/opt/Xilinx/Vivado/2018.2/common/technology/autopilot/hls/linear_algebra/hls_cholesky.h:442) automatically.
INFO: [XFORM 203-602] Inlining function 'hls::cholesky_rsqrt<float, float>' into 'hls::cholesky_alt<false, 4, hls::cholesky_traits<false, 4, float, float>, float, float>' (/opt/Xilinx/Vivado/2018.2/common/technology/autopilot/hls/linear_algebra/hls_cholesky.h:442) automatically.
INFO: [XFORM 203-602] Inlining function 'hls::back_substitute_recip<float>' into 'hls::back_substitute_alt<4, hls::back_substitute_traits<4, float, float>, float, float>' (/opt/Xilinx/Vivado/2018.2/common/technology/autopilot/hls/linear_algebra/hls_back_substitute.h:258) automatically.
INFO: [XFORM 203-602] Inlining function 'hls::x_real<float>' into 'hls::back_substitute_alt<4, hls::back_substitute_traits<4, float, float>, float, float>' (/opt/Xilinx/Vivado/2018.2/common/technology/autopilot/hls/linear_algebra/hls_back_substitute.h:259) automatically.
INFO: [XFORM 203-602] Inlining function 'hls::NoTranspose::GetElement<4, 4, float>' into 'hls::GetMatrixElement<hls::NoTranspose, 4, 4, float>' (/opt/Xilinx/Vivado/2018.2/common/technology/autopilot/hls/linear_algebra/utils/x_hls_matrix_utils.h:99) automatically.
INFO: [XFORM 203-602] Inlining function 'hls::x_conj<float const>' into 'hls::ConjugateTranspose::GetElement<4, 4, float>' (/opt/Xilinx/Vivado/2018.2/common/technology/autopilot/hls/linear_algebra/utils/x_hls_matrix_utils.h:87) automatically.
INFO: [XFORM 203-602] Inlining function 'hls::ConjugateTranspose::GetElement<4, 4, float>' into 'hls::GetMatrixElement<hls::ConjugateTranspose, 4, 4, float>' (/opt/Xilinx/Vivado/2018.2/common/technology/autopilot/hls/linear_algebra/utils/x_hls_matrix_utils.h:99) automatically.
INFO: [XFORM 203-602] Inlining function 'hls::GetMatrixElement<hls::NoTranspose, 4, 4, float>' into 'hls::matrix_multiply_alt2<hls::NoTranspose, hls::ConjugateTranspose, 4, 4, 4, 4, 4, 4, hls::matrix_multiply_traits<hls::NoTranspose, hls::ConjugateTranspose, 4, 4, 4, 4, float, float>, float, float>' (/opt/Xilinx/Vivado/2018.2/common/technology/autopilot/hls/linear_algebra/hls_matrix_multiply.h:316) automatically.
INFO: [XFORM 203-602] Inlining function 'hls::GetMatrixElement<hls::ConjugateTranspose, 4, 4, float>' into 'hls::matrix_multiply_alt2<hls::NoTranspose, hls::ConjugateTranspose, 4, 4, 4, 4, 4, 4, hls::matrix_multiply_traits<hls::NoTranspose, hls::ConjugateTranspose, 4, 4, 4, 4, float, float>, float, float>' (/opt/Xilinx/Vivado/2018.2/common/technology/autopilot/hls/linear_algebra/hls_matrix_multiply.h:317) automatically.
INFO: [XFORM 203-602] Inlining function 'hls::cholesky_top<false, 4, hls::cholesky_traits<false, 4, float, float>, float, float>' into 'hls::cholesky_inverse_top<4, hls::cholesky_inverse_traits<4, float, float>, float, float>' (/opt/Xilinx/Vivado/2018.2/common/technology/autopilot/hls/linear_algebra/hls_cholesky_inverse.h:144) automatically.
INFO: [XFORM 203-602] Inlining function 'hls::back_substitute_top<4, hls::back_substitute_traits<4, float, float>, float, float>' into 'hls::cholesky_inverse_top<4, hls::cholesky_inverse_traits<4, float, float>, float, float>' (/opt/Xilinx/Vivado/2018.2/common/technology/autopilot/hls/linear_algebra/hls_cholesky_inverse.h:148) automatically.
INFO: [XFORM 203-602] Inlining function 'hls::matrix_multiply_top<hls::NoTranspose, hls::ConjugateTranspose, 4, 4, 4, 4, 4, 4, hls::matrix_multiply_traits<hls::NoTranspose, hls::ConjugateTranspose, 4, 4, 4, 4, float, float>, float, float>' into 'hls::cholesky_inverse_top<4, hls::cholesky_inverse_traits<4, float, float>, float, float>' automatically.
INFO: [XFORM 203-602] Inlining function 'hls::cholesky_inverse_top<4, hls::cholesky_inverse_traits<4, float, float>, float, float>' into 'hls::cholesky_inverse<4, float, float>' (/opt/Xilinx/Vivado/2018.2/common/technology/autopilot/hls/linear_algebra/hls_cholesky_inverse.h:175) automatically.
INFO: [XFORM 203-602] Inlining function 'hls::cholesky_inverse<4, float, float>' into 'cholesky_inverse_top' (./cholesky_inverse.cpp:49) automatically.
INFO: [XFORM 203-401] Performing if-conversion on hyperblock from (/opt/Xilinx/Vivado/2018.2/common/technology/autopilot/hls/linear_algebra/hls_cholesky.h:430:7) to (/opt/Xilinx/Vivado/2018.2/common/technology/autopilot/hls/linear_algebra/hls_cholesky.h:384:45) in function 'hls::cholesky_alt<false, 4, hls::cholesky_traits<false, 4, float, float>, float, float>'... converting 7 basic blocks.
INFO: [XFORM 203-401] Performing if-conversion on hyperblock from (/opt/Xilinx/Vivado/2018.2/common/technology/autopilot/hls/linear_algebra/hls_back_substitute.h:277:17) to (/opt/Xilinx/Vivado/2018.2/common/technology/autopilot/hls/linear_algebra/hls_back_substitute.h:287:15) in function 'hls::back_substitute_alt<4, hls::back_substitute_traits<4, float, float>, float, float>'... converting 8 basic blocks.
INFO: [XFORM 203-401] Performing if-conversion on hyperblock from (/opt/Xilinx/Vivado/2018.2/common/technology/autopilot/hls/linear_algebra/hls_back_substitute.h:288:17) in function 'hls::back_substitute_alt<4, hls::back_substitute_traits<4, float, float>, float, float>'... converting 3 basic blocks.
INFO: [HLS 200-111] Finished Pre-synthesis Time (s): cpu = 00:00:30 ; elapsed = 00:00:31 . Memory (MB): peak = 493.703 ; gain = 128.000 ; free physical = 10700 ; free virtual = 29612
INFO: [XFORM 203-541] Flattening a loop nest 'a_row_loop' (/opt/Xilinx/Vivado/2018.2/common/technology/autopilot/hls/linear_algebra/hls_matrix_multiply.h:311:76) in function 'hls::matrix_multiply_alt2<hls::NoTranspose, hls::ConjugateTranspose, 4, 4, 4, 4, 4, 4, hls::matrix_multiply_traits<hls::NoTranspose, hls::ConjugateTranspose, 4, 4, 4, 4, float, float>, float, float>'.
INFO: [XFORM 203-541] Flattening a loop nest 'a_col_loop' (/opt/Xilinx/Vivado/2018.2/common/technology/autopilot/hls/linear_algebra/hls_matrix_multiply.h:310:71) in function 'hls::matrix_multiply_alt2<hls::NoTranspose, hls::ConjugateTranspose, 4, 4, 4, 4, 4, 4, hls::matrix_multiply_traits<hls::NoTranspose, hls::ConjugateTranspose, 4, 4, 4, 4, float, float>, float, float>'.
WARNING: [XFORM 203-542] Cannot flatten a loop nest 'col_loop' (/opt/Xilinx/Vivado/2018.2/common/technology/autopilot/hls/linear_algebra/hls_cholesky.h:391:45) in function 'hls::cholesky_alt<false, 4, hls::cholesky_traits<false, 4, float, float>, float, float>' : 

the outer loop is not a perfect loop because there is nontrivial logic before entering the inner loop.
WARNING: [XFORM 203-542] Cannot flatten a loop nest 'row_loop' (/opt/Xilinx/Vivado/2018.2/common/technology/autopilot/hls/linear_algebra/hls_cholesky.h:384:51) in function 'hls::cholesky_alt<false, 4, hls::cholesky_traits<false, 4, float, float>, float, float>' : 

the outer loop is not a perfect loop because there is nontrivial logic in the loop latch.
WARNING: [XFORM 203-542] Cannot flatten a loop nest 'a_row_loop' (/opt/Xilinx/Vivado/2018.2/common/technology/autopilot/hls/linear_algebra/hls_back_substitute.h:267:50) in function 'hls::back_substitute_alt<4, hls::back_substitute_traits<4, float, float>, float, float>' : 

the outer loop is not a perfect loop because there is nontrivial logic before entering the inner loop.
WARNING: [XFORM 203-542] Cannot flatten a loop nest 'a_col_b_row_loop' (/opt/Xilinx/Vivado/2018.2/common/technology/autopilot/hls/linear_algebra/hls_back_substitute.h:264:54) in function 'hls::back_substitute_alt<4, hls::back_substitute_traits<4, float, float>, float, float>' : 

the outer loop is not a perfect loop.
WARNING: [XFORM 203-631] Renaming function 'hls::matrix_multiply_alt2<hls::NoTranspose, hls::ConjugateTranspose, 4, 4, 4, 4, 4, 4, hls::matrix_multiply_traits<hls::NoTranspose, hls::ConjugateTranspose, 4, 4, 4, 4, float, float>, float, float>' to 'matrix_multiply_alt2' (/opt/Xilinx/Vivado/2018.2/common/technology/autopilot/hls/linear_algebra/hls_matrix_multiply.h:60:13)
WARNING: [XFORM 203-631] Renaming function 'hls::cholesky_alt<false, 4, hls::cholesky_traits<false, 4, float, float>, float, float>' to 'cholesky_alt' (/opt/Xilinx/Vivado/2018.2/common/technology/autopilot/hls/linear_algebra/hls_cholesky.h:10:9)
WARNING: [XFORM 203-631] Renaming function 'hls::back_substitute_alt<4, hls::back_substitute_traits<4, float, float>, float, float>' to 'back_substitute_alt' (/opt/Xilinx/Vivado/2018.2/common/technology/autopilot/hls/linear_algebra/hls_back_substitute.h:121:17)
INFO: [HLS 200-111] Finished Architecture Synthesis Time (s): cpu = 00:00:30 ; elapsed = 00:00:31 . Memory (MB): peak = 493.703 ; gain = 128.000 ; free physical = 10680 ; free virtual = 29592
INFO: [HLS 200-10] Starting hardware synthesis ...
INFO: [HLS 200-10] Synthesizing 'cholesky_inverse_top' ...
INFO: [HLS 200-10] ----------------------------------------------------------------
INFO: [HLS 200-42] -- Implementing module 'cholesky_alt' 
INFO: [HLS 200-10] ----------------------------------------------------------------
INFO: [SCHED 204-11] Starting scheduling ...
INFO: [SCHED 204-61] Pipelining loop 'sum_loop'.
INFO: [SCHED 204-61] Pipelining result : Target II = 1, Final II = 1, Depth = 2.
INFO: [SCHED 204-11] Finished scheduling.
INFO: [HLS 200-111]  Elapsed time: 31.08 seconds; current allocated memory: 103.831 MB.
INFO: [HLS 200-434] Only 1 loops out of a total 3 loops have been pipelined in this design.
INFO: [BIND 205-100] Starting micro-architecture generation ...
INFO: [BIND 205-101] Performing variable lifetime analysis.
INFO: [BIND 205-101] Exploring resource sharing.
INFO: [BIND 205-101] Binding ...
INFO: [BIND 205-100] Finished micro-architecture generation.
INFO: [HLS 200-111]  Elapsed time: 0.07 seconds; current allocated memory: 104.464 MB.
INFO: [HLS 200-10] ----------------------------------------------------------------
INFO: [HLS 200-42] -- Implementing module 'back_substitute_alt' 
INFO: [HLS 200-10] ----------------------------------------------------------------
INFO: [SCHED 204-11] Starting scheduling ...
INFO: [SCHED 204-61] Pipelining loop 'diag_loop'.
INFO: [SCHED 204-61] Pipelining result : Target II = 1, Final II = 1, Depth = 6.
INFO: [SCHED 204-61] Pipelining loop 'b_col_loop'.
INFO: [SCHED 204-61] Pipelining result : Target II = 1, Final II = 1, Depth = 2.
INFO: [SCHED 204-11] Finished scheduling.
INFO: [HLS 200-111]  Elapsed time: 0.19 seconds; current allocated memory: 105.184 MB.
INFO: [BIND 205-100] Starting micro-architecture generation ...
INFO: [BIND 205-101] Performing variable lifetime analysis.
INFO: [BIND 205-101] Exploring resource sharing.
INFO: [BIND 205-101] Binding ...
INFO: [BIND 205-100] Finished micro-architecture generation.
INFO: [HLS 200-111]  Elapsed time: 0.06 seconds; current allocated memory: 105.654 MB.
INFO: [HLS 200-10] ----------------------------------------------------------------
INFO: [HLS 200-42] -- Implementing module 'matrix_multiply_alt2' 
INFO: [HLS 200-10] ----------------------------------------------------------------
INFO: [SCHED 204-11] Starting scheduling ...
INFO: [SCHED 204-61] Pipelining loop 'a_col_loop_a_row_loop_b_col_loop'.
INFO: [SCHED 204-61] Pipelining result : Target II = 1, Final II = 1, Depth = 2.
INFO: [SCHED 204-11] Finished scheduling.
INFO: [HLS 200-111]  Elapsed time: 0.13 seconds; current allocated memory: 106.012 MB.
INFO: [BIND 205-100] Starting micro-architecture generation ...
INFO: [BIND 205-101] Performing variable lifetime analysis.
INFO: [BIND 205-101] Exploring resource sharing.
INFO: [BIND 205-101] Binding ...
INFO: [BIND 205-100] Finished micro-architecture generation.
INFO: [HLS 200-111]  Elapsed time: 0.04 seconds; current allocated memory: 106.260 MB.
INFO: [HLS 200-10] ----------------------------------------------------------------
INFO: [HLS 200-42] -- Implementing module 'cholesky_inverse_top' 
INFO: [HLS 200-10] ----------------------------------------------------------------
INFO: [SCHED 204-11] Starting scheduling ...
INFO: [SCHED 204-11] Finished scheduling.
INFO: [HLS 200-111]  Elapsed time: 0.08 seconds; current allocated memory: 106.553 MB.
INFO: [BIND 205-100] Starting micro-architecture generation ...
INFO: [BIND 205-101] Performing variable lifetime analysis.
INFO: [BIND 205-101] Exploring resource sharing.
INFO: [BIND 205-101] Binding ...
INFO: [BIND 205-100] Finished micro-architecture generation.
INFO: [HLS 200-111]  Elapsed time: 0.18 seconds; current allocated memory: 106.882 MB.
INFO: [HLS 200-10] ----------------------------------------------------------------
INFO: [HLS 200-10] -- Generating RTL for module 'cholesky_alt' 
INFO: [HLS 200-10] ----------------------------------------------------------------
INFO: [SYN 201-210] Renamed object name 'cholesky_alt_L_internal' to 'cholesky_alt_L_inbkb' due to the length limit 20
==============================================================
File generated by Vivado(TM) HLS - High-Level Synthesis from C, C++ and SystemC
Version: 2018.2
Copyright (C) 1986-2018 Xilinx, Inc. All Rights Reserved.

==============================================================

INFO: [SYN 201-201] Setting up clock 'default' with a period of 35ns.
INFO: [HLS 200-10] Setting target device to 'xczu7ev-ffvc1156-2-e'
INFO: [HLS 200-10] Analyzing design file './cholesky_inverse.cpp' ... 
INFO: [HLS 200-111] Finished Linking Time (s): cpu = 00:00:24 ; elapsed = 00:00:24 . Memory (MB): peak = 365.836 ; gain = 0.133 ; free physical = 10219 ; free virtual = 29303
INFO: [HLS 200-111] Finished Checking Pragmas Time (s): cpu = 00:00:24 ; elapsed = 00:00:24 . Memory (MB): peak = 365.836 ; gain = 0.133 ; free physical = 10219 ; free virtual = 29303
INFO: [HLS 200-10] Starting code transformations ...
INFO: [HLS 200-111] Finished Standard Transforms Time (s): cpu = 00:00:24 ; elapsed = 00:00:25 . Memory (MB): peak = 365.883 ; gain = 0.180 ; free physical = 10216 ; free virtual = 29299
INFO: [HLS 200-10] Checking synthesizability ...
INFO: [XFORM 203-602] Inlining function 'hls::sqrtf' into 'hls::x_sqrt' (/opt/Xilinx/Vivado/2018.2/common/technology/autopilot/hls/linear_algebra/utils/x_hls_matrix_utils.h:110) automatically.
INFO: [XFORM 203-602] Inlining function 'hls::x_sqrt' into 'hls::cholesky_sqrt_op<float, float>' (/opt/Xilinx/Vivado/2018.2/common/technology/autopilot/hls/linear_algebra/hls_cholesky.h:165) automatically.
INFO: [XFORM 203-602] Inlining function 'hls::rsqrtf' into 'hls::x_rsqrt' (/opt/Xilinx/Vivado/2018.2/common/technology/autopilot/hls/linear_algebra/utils/x_hls_matrix_utils.h:164) automatically.
INFO: [XFORM 203-602] Inlining function 'hls::x_rsqrt' into 'hls::cholesky_rsqrt<float, float>' (/opt/Xilinx/Vivado/2018.2/common/technology/autopilot/hls/linear_algebra/hls_cholesky.h:189) automatically.
INFO: [XFORM 203-602] Inlining function 'hls::x_conj<float const>24' into 'hls::cholesky_alt<false, 4, hls::cholesky_traits<false, 4, float, float>, float, float>23' (/opt/Xilinx/Vivado/2018.2/common/technology/autopilot/hls/linear_algebra/hls_cholesky.h:400) automatically.
INFO: [XFORM 203-602] Inlining function 'hls::x_conj<float>' into 'hls::cholesky_alt<false, 4, hls::cholesky_traits<false, 4, float, float>, float, float>23' (/opt/Xilinx/Vivado/2018.2/common/technology/autopilot/hls/linear_algebra/hls_cholesky.h:405) automatically.
INFO: [XFORM 203-602] Inlining function 'hls::cholesky_prod_sum_mult<float, float, float>' into 'hls::cholesky_alt<false, 4, hls::cholesky_traits<false, 4, float, float>, float, float>23' (/opt/Xilinx/Vivado/2018.2/common/technology/autopilot/hls/linear_algebra/hls_cholesky.h:413) automatically.
INFO: [XFORM 203-602] Inlining function 'hls::x_conj_sq<float>' into 'hls::cholesky_alt<false, 4, hls::cholesky_traits<false, 4, float, float>, float, float>23' (/opt/Xilinx/Vivado/2018.2/common/technology/autopilot/hls/linear_algebra/hls_cholesky.h:417) automatically.
INFO: [XFORM 203-602] Inlining function 'hls::x_conj<float>.1' into 'hls::cholesky_alt<false, 4, hls::cholesky_traits<false, 4, float, float>, float, float>23' (/opt/Xilinx/Vivado/2018.2/common/technology/autopilot/hls/linear_algebra/hls_cholesky.h:424) automatically.
INFO: [XFORM 203-602] Inlining function 'hls::cholesky_sqrt_op<float, float>' into 'hls::cholesky_alt<false, 4, hls::cholesky_traits<false, 4, float, float>, float, float>23' (/opt/Xilinx/Vivado/2018.2/common/technology/autopilot/hls/linear_algebra/hls_cholesky.h:432) automatically.
INFO: [XFORM 203-602] Inlining function 'hls::x_real<float>' into 'hls::cholesky_alt<false, 4, hls::cholesky_traits<false, 4, float, float>, float, float>23' (/opt/Xilinx/Vivado/2018.2/common/technology/autopilot/hls/linear_algebra/hls_cholesky.h:442) automatically.
INFO: [XFORM 203-602] Inlining function 'hls::cholesky_rsqrt<float, float>' into 'hls::cholesky_alt<false, 4, hls::cholesky_traits<false, 4, float, float>, float, float>23' (/opt/Xilinx/Vivado/2018.2/common/technology/autopilot/hls/linear_algebra/hls_cholesky.h:442) automatically.
INFO: [XFORM 203-602] Inlining function 'hls::back_substitute_recip<float>' into 'hls::back_substitute_alt<4, hls::back_substitute_traits<4, float, float>, float, float>' (/opt/Xilinx/Vivado/2018.2/common/technology/autopilot/hls/linear_algebra/hls_back_substitute.h:258) automatically.
INFO: [XFORM 203-602] Inlining function 'hls::x_real<float>' into 'hls::back_substitute_alt<4, hls::back_substitute_traits<4, float, float>, float, float>' (/opt/Xilinx/Vivado/2018.2/common/technology/autopilot/hls/linear_algebra/hls_back_substitute.h:259) automatically.
INFO: [XFORM 203-602] Inlining function 'hls::x_imag<float>' into 'hls::back_substitute_alt<4, hls::back_substitute_traits<4, float, float>, float, float>' (/opt/Xilinx/Vivado/2018.2/common/technology/autopilot/hls/linear_algebra/hls_back_substitute.h:259) automatically.
INFO: [XFORM 203-602] Inlining function 'hls::NoTranspose::GetElement<4, 4, float>' into 'hls::GetMatrixElement<hls::NoTranspose, 4, 4, float>' (/opt/Xilinx/Vivado/2018.2/common/technology/autopilot/hls/linear_algebra/utils/x_hls_matrix_utils.h:99) automatically.
INFO: [XFORM 203-602] Inlining function 'hls::x_conj<float const>24' into 'hls::ConjugateTranspose::GetElement<4, 4, float>' (/opt/Xilinx/Vivado/2018.2/common/technology/autopilot/hls/linear_algebra/utils/x_hls_matrix_utils.h:87) automatically.
INFO: [XFORM 203-602] Inlining function 'hls::ConjugateTranspose::GetElement<4, 4, float>' into 'hls::GetMatrixElement<hls::ConjugateTranspose, 4, 4, float>' (/opt/Xilinx/Vivado/2018.2/common/technology/autopilot/hls/linear_algebra/utils/x_hls_matrix_utils.h:99) automatically.
INFO: [XFORM 203-602] Inlining function 'hls::GetMatrixElement<hls::NoTranspose, 4, 4, float>' into 'hls::matrix_multiply_alt2<hls::NoTranspose, hls::ConjugateTranspose, 4, 4, 4, 4, 4, 4, hls::matrix_multiply_traits<hls::NoTranspose, hls::ConjugateTranspose, 4, 4, 4, 4, float, float>, float, float>26' (/opt/Xilinx/Vivado/2018.2/common/technology/autopilot/hls/linear_algebra/hls_matrix_multiply.h:316) automatically.
INFO: [XFORM 203-602] Inlining function 'hls::GetMatrixElement<hls::ConjugateTranspose, 4, 4, float>' into 'hls::matrix_multiply_alt2<hls::NoTranspose, hls::ConjugateTranspose, 4, 4, 4, 4, 4, 4, hls::matrix_multiply_traits<hls::NoTranspose, hls::ConjugateTranspose, 4, 4, 4, 4, float, float>, float, float>26' (/opt/Xilinx/Vivado/2018.2/common/technology/autopilot/hls/linear_algebra/hls_matrix_multiply.h:317) automatically.
INFO: [XFORM 203-602] Inlining function 'hls::cholesky_top<false, 4, hls::cholesky_traits<false, 4, float, float>, float, float>22' into 'hls::cholesky_inverse_top<4, hls::cholesky_inverse_traits<4, float, float>, float, float>' (/opt/Xilinx/Vivado/2018.2/common/technology/autopilot/hls/linear_algebra/hls_cholesky_inverse.h:144) automatically.
INFO: [XFORM 203-602] Inlining function 'hls::back_substitute_top<4, hls::back_substitute_traits<4, float, float>, float, float>' into 'hls::cholesky_inverse_top<4, hls::cholesky_inverse_traits<4, float, float>, float, float>' (/opt/Xilinx/Vivado/2018.2/common/technology/autopilot/hls/linear_algebra/hls_cholesky_inverse.h:148) automatically.
INFO: [XFORM 203-602] Inlining function 'hls::matrix_multiply_top<hls::NoTranspose, hls::ConjugateTranspose, 4, 4, 4, 4, 4, 4, hls::matrix_multiply_traits<hls::NoTranspose, hls::ConjugateTranspose, 4, 4, 4, 4, float, float>, float, float>20' into 'hls::cholesky_inverse_top<4, hls::cholesky_inverse_traits<4, float, float>, float, float>' (/opt/Xilinx/Vivado/2018.2/common/technology/autopilot/hls/linear_algebra/hls_cholesky_inverse.h:151) automatically.
INFO: [XFORM 203-602] Inlining function 'hls::cholesky_inverse<4, float, float>' into 'cholesky_inverse_top' (./cholesky_inverse.cpp:49) automatically.
INFO: [HLS 200-111] Finished Checking Synthesizability Time (s): cpu = 00:00:24 ; elapsed = 00:00:25 . Memory (MB): peak = 365.883 ; gain = 0.180 ; free physical = 10213 ; free virtual = 29297
WARNING: [XFORM 203-105] Cannot partition array 'U_inv' (/opt/Xilinx/Vivado/2018.2/common/technology/autopilot/hls/linear_algebra/hls_cholesky_inverse.h:139): incorrect partition factor 1.
WARNING: [XFORM 203-105] Cannot partition array 'inverse_a_i' : incorrect partition factor 1.
WARNING: [XFORM 203-105] Cannot partition array 'sum_mult' (/opt/Xilinx/Vivado/2018.2/common/technology/autopilot/hls/linear_algebra/hls_matrix_multiply.h:304): incorrect partition factor 1.
INFO: [XFORM 203-102] Automatically partitioning small array 'diag' (/opt/Xilinx/Vivado/2018.2/common/technology/autopilot/hls/linear_algebra/hls_back_substitute.h:241) completely based on array size.
INFO: [XFORM 203-102] Automatically partitioning small array 'column_multiplier' (/opt/Xilinx/Vivado/2018.2/common/technology/autopilot/hls/linear_algebra/hls_back_substitute.h:252) completely based on array size.
INFO: [XFORM 203-102] Automatically partitioning small array 'diag_internal' (/opt/Xilinx/Vivado/2018.2/common/technology/autopilot/hls/linear_algebra/hls_cholesky.h:367) completely based on array size.
INFO: [XFORM 203-101] Partitioning array 'diag' (/opt/Xilinx/Vivado/2018.2/common/technology/autopilot/hls/linear_algebra/hls_back_substitute.h:241) in dimension 1 completely.
INFO: [XFORM 203-101] Partitioning array 'column_multiplier' (/opt/Xilinx/Vivado/2018.2/common/technology/autopilot/hls/linear_algebra/hls_back_substitute.h:252) in dimension 1 completely.
INFO: [XFORM 203-101] Partitioning array 'diag_internal' (/opt/Xilinx/Vivado/2018.2/common/technology/autopilot/hls/linear_algebra/hls_cholesky.h:367) in dimension 1 completely.
INFO: [XFORM 203-602] Inlining function 'hls::sqrtf' into 'hls::x_sqrt' (/opt/Xilinx/Vivado/2018.2/common/technology/autopilot/hls/linear_algebra/utils/x_hls_matrix_utils.h:110) automatically.
INFO: [XFORM 203-602] Inlining function 'hls::x_sqrt' into 'hls::cholesky_sqrt_op<float, float>' (/opt/Xilinx/Vivado/2018.2/common/technology/autopilot/hls/linear_algebra/hls_cholesky.h:165) automatically.
INFO: [XFORM 203-602] Inlining function 'hls::rsqrtf' into 'hls::x_rsqrt' (/opt/Xilinx/Vivado/2018.2/common/technology/autopilot/hls/linear_algebra/utils/x_hls_matrix_utils.h:164) automatically.
INFO: [XFORM 203-602] Inlining function 'hls::x_rsqrt' into 'hls::cholesky_rsqrt<float, float>' (/opt/Xilinx/Vivado/2018.2/common/technology/autopilot/hls/linear_algebra/hls_cholesky.h:189) automatically.
INFO: [XFORM 203-602] Inlining function 'hls::x_conj<float const>' into 'hls::cholesky_alt<false, 4, hls::cholesky_traits<false, 4, float, float>, float, float>' (/opt/Xilinx/Vivado/2018.2/common/technology/autopilot/hls/linear_algebra/hls_cholesky.h:400) automatically.
INFO: [XFORM 203-602] Inlining function 'hls::x_conj<float>' into 'hls::cholesky_alt<false, 4, hls::cholesky_traits<false, 4, float, float>, float, float>' (/opt/Xilinx/Vivado/2018.2/common/technology/autopilot/hls/linear_algebra/hls_cholesky.h:405) automatically.
INFO: [XFORM 203-602] Inlining function 'hls::cholesky_prod_sum_mult<float, float, float>' into 'hls::cholesky_alt<false, 4, hls::cholesky_traits<false, 4, float, float>, float, float>' (/opt/Xilinx/Vivado/2018.2/common/technology/autopilot/hls/linear_algebra/hls_cholesky.h:413) automatically.
INFO: [XFORM 203-602] Inlining function 'hls::x_conj_sq<float>' into 'hls::cholesky_alt<false, 4, hls::cholesky_traits<false, 4, float, float>, float, float>' (/opt/Xilinx/Vivado/2018.2/common/technology/autopilot/hls/linear_algebra/hls_cholesky.h:417) automatically.
INFO: [XFORM 203-602] Inlining function 'hls::cholesky_sqrt_op<float, float>' into 'hls::cholesky_alt<false, 4, hls::cholesky_traits<false, 4, float, float>, float, float>' (/opt/Xilinx/Vivado/2018.2/common/technology/autopilot/hls/linear_algebra/hls_cholesky.h:432) automatically.
INFO: [XFORM 203-602] Inlining function 'hls::x_real<float>' into 'hls::cholesky_alt<false, 4, hls::cholesky_traits<false, 4, float, float>, float, float>' (/opt/Xilinx/Vivado/2018.2/common/technology/autopilot/hls/linear_algebra/hls_cholesky.h:442) automatically.
INFO: [XFORM 203-602] Inlining function 'hls::cholesky_rsqrt<float, float>' into 'hls::cholesky_alt<false, 4, hls::cholesky_traits<false, 4, float, float>, float, float>' (/opt/Xilinx/Vivado/2018.2/common/technology/autopilot/hls/linear_algebra/hls_cholesky.h:442) automatically.
INFO: [XFORM 203-602] Inlining function 'hls::back_substitute_recip<float>' into 'hls::back_substitute_alt<4, hls::back_substitute_traits<4, float, float>, float, float>' (/opt/Xilinx/Vivado/2018.2/common/technology/autopilot/hls/linear_algebra/hls_back_substitute.h:258) automatically.
INFO: [XFORM 203-602] Inlining function 'hls::x_real<float>' into 'hls::back_substitute_alt<4, hls::back_substitute_traits<4, float, float>, float, float>' (/opt/Xilinx/Vivado/2018.2/common/technology/autopilot/hls/linear_algebra/hls_back_substitute.h:259) automatically.
INFO: [XFORM 203-602] Inlining function 'hls::NoTranspose::GetElement<4, 4, float>' into 'hls::GetMatrixElement<hls::NoTranspose, 4, 4, float>' (/opt/Xilinx/Vivado/2018.2/common/technology/autopilot/hls/linear_algebra/utils/x_hls_matrix_utils.h:99) automatically.
INFO: [XFORM 203-602] Inlining function 'hls::x_conj<float const>' into 'hls::ConjugateTranspose::GetElement<4, 4, float>' (/opt/Xilinx/Vivado/2018.2/common/technology/autopilot/hls/linear_algebra/utils/x_hls_matrix_utils.h:87) automatically.
INFO: [XFORM 203-602] Inlining function 'hls::ConjugateTranspose::GetElement<4, 4, float>' into 'hls::GetMatrixElement<hls::ConjugateTranspose, 4, 4, float>' (/opt/Xilinx/Vivado/2018.2/common/technology/autopilot/hls/linear_algebra/utils/x_hls_matrix_utils.h:99) automatically.
INFO: [XFORM 203-602] Inlining function 'hls::GetMatrixElement<hls::NoTranspose, 4, 4, float>' into 'hls::matrix_multiply_alt2<hls::NoTranspose, hls::ConjugateTranspose, 4, 4, 4, 4, 4, 4, hls::matrix_multiply_traits<hls::NoTranspose, hls::ConjugateTranspose, 4, 4, 4, 4, float, float>, float, float>' (/opt/Xilinx/Vivado/2018.2/common/technology/autopilot/hls/linear_algebra/hls_matrix_multiply.h:316) automatically.
INFO: [XFORM 203-602] Inlining function 'hls::GetMatrixElement<hls::ConjugateTranspose, 4, 4, float>' into 'hls::matrix_multiply_alt2<hls::NoTranspose, hls::ConjugateTranspose, 4, 4, 4, 4, 4, 4, hls::matrix_multiply_traits<hls::NoTranspose, hls::ConjugateTranspose, 4, 4, 4, 4, float, float>, float, float>' (/opt/Xilinx/Vivado/2018.2/common/technology/autopilot/hls/linear_algebra/hls_matrix_multiply.h:317) automatically.
INFO: [XFORM 203-602] Inlining function 'hls::cholesky_top<false, 4, hls::cholesky_traits<false, 4, float, float>, float, float>' into 'hls::cholesky_inverse_top<4, hls::cholesky_inverse_traits<4, float, float>, float, float>' (/opt/Xilinx/Vivado/2018.2/common/technology/autopilot/hls/linear_algebra/hls_cholesky_inverse.h:144) automatically.
INFO: [XFORM 203-602] Inlining function 'hls::back_substitute_top<4, hls::back_substitute_traits<4, float, float>, float, float>' into 'hls::cholesky_inverse_top<4, hls::cholesky_inverse_traits<4, float, float>, float, float>' (/opt/Xilinx/Vivado/2018.2/common/technology/autopilot/hls/linear_algebra/hls_cholesky_inverse.h:148) automatically.
INFO: [XFORM 203-602] Inlining function 'hls::matrix_multiply_top<hls::NoTranspose, hls::ConjugateTranspose, 4, 4, 4, 4, 4, 4, hls::matrix_multiply_traits<hls::NoTranspose, hls::ConjugateTranspose, 4, 4, 4, 4, float, float>, float, float>' into 'hls::cholesky_inverse_top<4, hls::cholesky_inverse_traits<4, float, float>, float, float>' automatically.
INFO: [XFORM 203-602] Inlining function 'hls::cholesky_inverse<4, float, float>' into 'cholesky_inverse_top' (./cholesky_inverse.cpp:49) automatically.
INFO: [XFORM 203-401] Performing if-conversion on hyperblock from (/opt/Xilinx/Vivado/2018.2/common/technology/autopilot/hls/linear_algebra/hls_cholesky.h:430:7) to (/opt/Xilinx/Vivado/2018.2/common/technology/autopilot/hls/linear_algebra/hls_cholesky.h:384:45) in function 'hls::cholesky_alt<false, 4, hls::cholesky_traits<false, 4, float, float>, float, float>'... converting 7 basic blocks.
INFO: [XFORM 203-401] Performing if-conversion on hyperblock from (/opt/Xilinx/Vivado/2018.2/common/technology/autopilot/hls/linear_algebra/hls_back_substitute.h:277:17) to (/opt/Xilinx/Vivado/2018.2/common/technology/autopilot/hls/linear_algebra/hls_back_substitute.h:287:15) in function 'hls::back_substitute_alt<4, hls::back_substitute_traits<4, float, float>, float, float>'... converting 8 basic blocks.
INFO: [XFORM 203-401] Performing if-conversion on hyperblock from (/opt/Xilinx/Vivado/2018.2/common/technology/autopilot/hls/linear_algebra/hls_back_substitute.h:288:17) in function 'hls::back_substitute_alt<4, hls::back_substitute_traits<4, float, float>, float, float>'... converting 3 basic blocks.
INFO: [HLS 200-111] Finished Pre-synthesis Time (s): cpu = 00:00:25 ; elapsed = 00:00:25 . Memory (MB): peak = 493.703 ; gain = 128.000 ; free physical = 10191 ; free virtual = 29276
INFO: [XFORM 203-541] Flattening a loop nest 'a_row_loop' (/opt/Xilinx/Vivado/2018.2/common/technology/autopilot/hls/linear_algebra/hls_matrix_multiply.h:311:76) in function 'hls::matrix_multiply_alt2<hls::NoTranspose, hls::ConjugateTranspose, 4, 4, 4, 4, 4, 4, hls::matrix_multiply_traits<hls::NoTranspose, hls::ConjugateTranspose, 4, 4, 4, 4, float, float>, float, float>'.
INFO: [XFORM 203-541] Flattening a loop nest 'a_col_loop' (/opt/Xilinx/Vivado/2018.2/common/technology/autopilot/hls/linear_algebra/hls_matrix_multiply.h:310:71) in function 'hls::matrix_multiply_alt2<hls::NoTranspose, hls::ConjugateTranspose, 4, 4, 4, 4, 4, 4, hls::matrix_multiply_traits<hls::NoTranspose, hls::ConjugateTranspose, 4, 4, 4, 4, float, float>, float, float>'.
WARNING: [XFORM 203-542] Cannot flatten a loop nest 'col_loop' (/opt/Xilinx/Vivado/2018.2/common/technology/autopilot/hls/linear_algebra/hls_cholesky.h:391:45) in function 'hls::cholesky_alt<false, 4, hls::cholesky_traits<false, 4, float, float>, float, float>' : 

the outer loop is not a perfect loop because there is nontrivial logic before entering the inner loop.
WARNING: [XFORM 203-542] Cannot flatten a loop nest 'row_loop' (/opt/Xilinx/Vivado/2018.2/common/technology/autopilot/hls/linear_algebra/hls_cholesky.h:384:51) in function 'hls::cholesky_alt<false, 4, hls::cholesky_traits<false, 4, float, float>, float, float>' : 

the outer loop is not a perfect loop because there is nontrivial logic in the loop latch.
WARNING: [XFORM 203-542] Cannot flatten a loop nest 'a_row_loop' (/opt/Xilinx/Vivado/2018.2/common/technology/autopilot/hls/linear_algebra/hls_back_substitute.h:267:50) in function 'hls::back_substitute_alt<4, hls::back_substitute_traits<4, float, float>, float, float>' : 

the outer loop is not a perfect loop because there is nontrivial logic before entering the inner loop.
WARNING: [XFORM 203-542] Cannot flatten a loop nest 'a_col_b_row_loop' (/opt/Xilinx/Vivado/2018.2/common/technology/autopilot/hls/linear_algebra/hls_back_substitute.h:264:54) in function 'hls::back_substitute_alt<4, hls::back_substitute_traits<4, float, float>, float, float>' : 

the outer loop is not a perfect loop.
WARNING: [XFORM 203-631] Renaming function 'hls::matrix_multiply_alt2<hls::NoTranspose, hls::ConjugateTranspose, 4, 4, 4, 4, 4, 4, hls::matrix_multiply_traits<hls::NoTranspose, hls::ConjugateTranspose, 4, 4, 4, 4, float, float>, float, float>2' to 'matrix_multiply_alt2' (/opt/Xilinx/Vivado/2018.2/common/technology/autopilot/hls/linear_algebra/hls_matrix_multiply.h:60:13)
WARNING: [XFORM 203-631] Renaming function 'hls::cholesky_inverse_top<4, hls::cholesky_inverse_traits<4, float, float>, float, float>' to 'cholesky_inverse_top.2' (/opt/Xilinx/Vivado/2018.2/common/technology/autopilot/hls/linear_algebra/hls_cholesky_inverse.h:137:3)
WARNING: [XFORM 203-631] Renaming function 'hls::cholesky_alt<false, 4, hls::cholesky_traits<false, 4, float, float>, float, float>4' to 'cholesky_alt4' (/opt/Xilinx/Vivado/2018.2/common/technology/autopilot/hls/linear_algebra/hls_cholesky.h:10:9)
WARNING: [XFORM 203-631] Renaming function 'hls::back_substitute_alt<4, hls::back_substitute_traits<4, float, float>, float, float>' to 'back_substitute_alt' (/opt/Xilinx/Vivado/2018.2/common/technology/autopilot/hls/linear_algebra/hls_back_substitute.h:121:17)
INFO: [HLS 200-111] Finished Architecture Synthesis Time (s): cpu = 00:00:25 ; elapsed = 00:00:26 . Memory (MB): peak = 493.703 ; gain = 128.000 ; free physical = 10162 ; free virtual = 29247
INFO: [HLS 200-10] Starting hardware synthesis ...
INFO: [HLS 200-10] Synthesizing 'cholesky_inverse_top' ...
WARNING: [SYN 201-103] Legalizing function name 'cholesky_inverse_top.2' to 'cholesky_inverse_top_2'.
INFO: [HLS 200-10] ----------------------------------------------------------------
INFO: [HLS 200-42] -- Implementing module 'cholesky_alt4' 
INFO: [HLS 200-10] ----------------------------------------------------------------
INFO: [SCHED 204-11] Starting scheduling ...
INFO: [SCHED 204-61] Pipelining loop 'sum_loop'.
INFO: [SCHED 204-61] Pipelining result : Target II = 1, Final II = 1, Depth = 2.
INFO: [SCHED 204-11] Finished scheduling.
INFO: [HLS 200-111]  Elapsed time: 25.73 seconds; current allocated memory: 113.249 MB.
INFO: [HLS 200-434] Only 1 loops out of a total 3 loops have been pipelined in this design.
INFO: [BIND 205-100] Starting micro-architecture generation ...
INFO: [BIND 205-101] Performing variable lifetime analysis.
INFO: [BIND 205-101] Exploring resource sharing.
INFO: [BIND 205-101] Binding ...
INFO: [BIND 205-100] Finished micro-architecture generation.
INFO: [HLS 200-111]  Elapsed time: 0.07 seconds; current allocated memory: 113.894 MB.
INFO: [HLS 200-10] ----------------------------------------------------------------
INFO: [HLS 200-42] -- Implementing module 'back_substitute_alt' 
INFO: [HLS 200-10] ----------------------------------------------------------------
INFO: [SCHED 204-11] Starting scheduling ...
INFO: [SCHED 204-61] Pipelining loop 'diag_loop'.
INFO: [SCHED 204-61] Pipelining result : Target II = 1, Final II = 1, Depth = 6.
INFO: [SCHED 204-61] Pipelining loop 'b_col_loop'.
INFO: [SCHED 204-61] Pipelining result : Target II = 1, Final II = 1, Depth = 2.
INFO: [SCHED 204-11] Finished scheduling.
INFO: [HLS 200-111]  Elapsed time: 0.21 seconds; current allocated memory: 114.581 MB.
INFO: [BIND 205-100] Starting micro-architecture generation ...
INFO: [BIND 205-101] Performing variable lifetime analysis.
INFO: [BIND 205-101] Exploring resource sharing.
INFO: [BIND 205-101] Binding ...
INFO: [BIND 205-100] Finished micro-architecture generation.
INFO: [HLS 200-111]  Elapsed time: 0.06 seconds; current allocated memory: 115.069 MB.
INFO: [HLS 200-10] ----------------------------------------------------------------
INFO: [HLS 200-42] -- Implementing module 'matrix_multiply_alt2' 
INFO: [HLS 200-10] ----------------------------------------------------------------
INFO: [SCHED 204-11] Starting scheduling ...
INFO: [SCHED 204-61] Pipelining loop 'a_col_loop_a_row_loop_b_col_loop'.
INFO: [SCHED 204-61] Pipelining result : Target II = 1, Final II = 1, Depth = 2.
INFO: [SCHED 204-11] Finished scheduling.
INFO: [HLS 200-111]  Elapsed time: 0.14 seconds; current allocated memory: 115.439 MB.
INFO: [BIND 205-100] Starting micro-architecture generation ...
INFO: [BIND 205-101] Performing variable lifetime analysis.
INFO: [BIND 205-101] Exploring resource sharing.
INFO: [BIND 205-101] Binding ...
INFO: [BIND 205-100] Finished micro-architecture generation.
INFO: [HLS 200-111]  Elapsed time: 0.04 seconds; current allocated memory: 115.685 MB.
INFO: [HLS 200-10] ----------------------------------------------------------------
INFO: [HLS 200-42] -- Implementing module 'cholesky_inverse_top_2' 
INFO: [HLS 200-10] ----------------------------------------------------------------
INFO: [SCHED 204-11] Starting scheduling ...
INFO: [SCHED 204-11] Finished scheduling.
INFO: [HLS 200-111]  Elapsed time: 0.06 seconds; current allocated memory: 115.764 MB.
INFO: [BIND 205-100] Starting micro-architecture generation ...
INFO: [BIND 205-101] Performing variable lifetime analysis.
INFO: [BIND 205-101] Exploring resource sharing.
INFO: [BIND 205-101] Binding ...
INFO: [BIND 205-100] Finished micro-architecture generation.
INFO: [HLS 200-111]  Elapsed time: 0.16 seconds; current allocated memory: 115.921 MB.
INFO: [HLS 200-10] ----------------------------------------------------------------
INFO: [HLS 200-42] -- Implementing module 'cholesky_inverse_top' 
INFO: [HLS 200-10] ----------------------------------------------------------------
INFO: [SCHED 204-11] Starting scheduling ...
INFO: [SCHED 204-11] Finished scheduling.
INFO: [HLS 200-111]  Elapsed time: 0.17 seconds; current allocated memory: 116.252 MB.
INFO: [BIND 205-100] Starting micro-architecture generation ...
INFO: [BIND 205-101] Performing variable lifetime analysis.
INFO: [BIND 205-101] Exploring resource sharing.
INFO: [BIND 205-101]==============================================================
File generated by Vivado(TM) HLS - High-Level Synthesis from C, C++ and SystemC
Version: 2018.2
Copyright (C) 1986-2018 Xilinx, Inc. All Rights Reserved.

==============================================================

